This is pdfTeX, Version 3.141592653-2.6-1.40.24 (MiKTeX 22.3) (preloaded format=pdflatex 2022.5.2)  6 SEP 2022 00:57
entering extended mode
 restricted \write18 enabled.
 %&-line parsing enabled.
**"./DAM 110 - Filters, Blending Modes, Guide Lines, Importing Images, and maki
ng Contact Sheets.tex"

(DAM 110 - Filters, Blending Modes, Guide Lines, Importing Images, and making C
ontact Sheets.tex
LaTeX2e <2021-11-15> patch level 1
L3 programming layer <2022-02-24>
(C:\Users\Josh\AppData\Local\Programs\MiKTeX\tex/latex/beamer\beamer.cls
Document Class: beamer 2022/02/08 v3.66 A class for typesetting presentations

(C:\Users\Josh\AppData\Local\Programs\MiKTeX\tex/latex/beamer\beamerbasemodes.s
ty (C:\Users\Josh\AppData\Local\Programs\MiKTeX\tex/latex/etoolbox\etoolbox.sty
Package: etoolbox 2020/10/05 v2.5k e-TeX tools for LaTeX (JAW)
\etb@tempcnta=\count185
)
\beamer@tempbox=\box50
\beamer@tempcount=\count186
\c@beamerpauses=\count187

(C:\Users\Josh\AppData\Local\Programs\MiKTeX\tex/latex/beamer\beamerbasedecode.
sty
\beamer@slideinframe=\count188
\beamer@minimum=\count189
\beamer@decode@box=\box51
)
\beamer@commentbox=\box52
\beamer@modecount=\count190
) (C:\Users\Josh\AppData\Local\Programs\MiKTeX\tex/generic/iftex\iftex.sty
Package: iftex 2022/02/03 v1.0f TeX engine tests
)
\headdp=\dimen138
\footheight=\dimen139
\sidebarheight=\dimen140
\beamer@tempdim=\dimen141
\beamer@finalheight=\dimen142
\beamer@animht=\dimen143
\beamer@animdp=\dimen144
\beamer@animwd=\dimen145
\beamer@leftmargin=\dimen146
\beamer@rightmargin=\dimen147
\beamer@leftsidebar=\dimen148
\beamer@rightsidebar=\dimen149
\beamer@boxsize=\dimen150
\beamer@vboxoffset=\dimen151
\beamer@descdefault=\dimen152
\beamer@descriptionwidth=\dimen153
\beamer@lastskip=\skip47
\beamer@areabox=\box53
\beamer@animcurrent=\box54
\beamer@animshowbox=\box55
\beamer@sectionbox=\box56
\beamer@logobox=\box57
\beamer@linebox=\box58
\beamer@sectioncount=\count191
\beamer@subsubsectionmax=\count192
\beamer@subsectionmax=\count193
\beamer@sectionmax=\count194
\beamer@totalheads=\count195
\beamer@headcounter=\count196
\beamer@partstartpage=\count197
\beamer@sectionstartpage=\count198
\beamer@subsectionstartpage=\count199
\beamer@animationtempa=\count266
\beamer@animationtempb=\count267
\beamer@xpos=\count268
\beamer@ypos=\count269
\beamer@ypos@offset=\count270
\beamer@showpartnumber=\count271
\beamer@currentsubsection=\count272
\beamer@coveringdepth=\count273
\beamer@sectionadjust=\count274
\beamer@toclastsection=\count275
\beamer@tocsectionnumber=\count276

(C:\Users\Josh\AppData\Local\Programs\MiKTeX\tex/latex/beamer\beamerbaseoptions
.sty (C:\Users\Josh\AppData\Local\Programs\MiKTeX\tex/latex/graphics\keyval.sty
Package: keyval 2014/10/28 v1.15 key=value parser (DPC)
\KV@toks@=\toks16
))
\beamer@paperwidth=\skip48
\beamer@paperheight=\skip49
 (C:\Users\Josh\AppData\Local\Programs\MiKTeX\tex/latex/geometry\geometry.sty
Package: geometry 2020/01/02 v5.9 Page Geometry
(C:\Users\Josh\AppData\Local\Programs\MiKTeX\tex/generic/iftex\ifvtex.sty
Package: ifvtex 2019/10/25 v1.7 ifvtex legacy package. Use iftex instead.
)
\Gm@cnth=\count277
\Gm@cntv=\count278
\c@Gm@tempcnt=\count279
\Gm@bindingoffset=\dimen154
\Gm@wd@mp=\dimen155
\Gm@odd@mp=\dimen156
\Gm@even@mp=\dimen157
\Gm@layoutwidth=\dimen158
\Gm@layoutheight=\dimen159
\Gm@layouthoffset=\dimen160
\Gm@layoutvoffset=\dimen161
\Gm@dimlist=\toks17

(C:\Users\Josh\AppData\Local\Programs\MiKTeX\tex/latex/geometry\geometry.cfg))
(C:\Users\Josh\AppData\Local\Programs\MiKTeX\tex/latex/pgf/math\pgfmath.sty
(C:\Users\Josh\AppData\Local\Programs\MiKTeX\tex/latex/pgf/utilities\pgfrcs.sty

(C:\Users\Josh\AppData\Local\Programs\MiKTeX\tex/generic/pgf/utilities\pgfutil-
common.tex
\pgfutil@everybye=\toks18
\pgfutil@tempdima=\dimen162
\pgfutil@tempdimb=\dimen163

(C:\Users\Josh\AppData\Local\Programs\MiKTeX\tex/generic/pgf/utilities\pgfutil-
common-lists.tex))
(C:\Users\Josh\AppData\Local\Programs\MiKTeX\tex/generic/pgf/utilities\pgfutil-
latex.def
\pgfutil@abb=\box59
)
(C:\Users\Josh\AppData\Local\Programs\MiKTeX\tex/generic/pgf/utilities\pgfrcs.c
ode.tex
(C:\Users\Josh\AppData\Local\Programs\MiKTeX\tex/generic/pgf\pgf.revision.tex)
Package: pgfrcs 2021/05/15 v3.1.9a (3.1.9a)
))
(C:\Users\Josh\AppData\Local\Programs\MiKTeX\tex/latex/pgf/utilities\pgfkeys.st
y
(C:\Users\Josh\AppData\Local\Programs\MiKTeX\tex/generic/pgf/utilities\pgfkeys.
code.tex
\pgfkeys@pathtoks=\toks19
\pgfkeys@temptoks=\toks20

(C:\Users\Josh\AppData\Local\Programs\MiKTeX\tex/generic/pgf/utilities\pgfkeysf
iltered.code.tex
\pgfkeys@tmptoks=\toks21
)))
(C:\Users\Josh\AppData\Local\Programs\MiKTeX\tex/generic/pgf/math\pgfmath.code.
tex
(C:\Users\Josh\AppData\Local\Programs\MiKTeX\tex/generic/pgf/math\pgfmathcalc.c
ode.tex
(C:\Users\Josh\AppData\Local\Programs\MiKTeX\tex/generic/pgf/math\pgfmathutil.c
ode.tex
\pgf@x=\dimen164
\pgf@xa=\dimen165
\pgf@xb=\dimen166
\pgf@xc=\dimen167
\pgf@y=\dimen168
\pgf@ya=\dimen169
\pgf@yb=\dimen170
\pgf@yc=\dimen171
\c@pgf@counta=\count280
\c@pgf@countb=\count281
\c@pgf@countc=\count282
\c@pgf@countd=\count283
)
(C:\Users\Josh\AppData\Local\Programs\MiKTeX\tex/generic/pgf/math\pgfmathparser
.code.tex
\pgfmath@dimen=\dimen172
\pgfmath@count=\count284
\pgfmath@box=\box60
\pgfmath@toks=\toks22
\pgfmath@stack@operand=\toks23
\pgfmath@stack@operation=\toks24
)
(C:\Users\Josh\AppData\Local\Programs\MiKTeX\tex/generic/pgf/math\pgfmathfuncti
ons.code.tex
(C:\Users\Josh\AppData\Local\Programs\MiKTeX\tex/generic/pgf/math\pgfmathfuncti
ons.basic.code.tex)
(C:\Users\Josh\AppData\Local\Programs\MiKTeX\tex/generic/pgf/math\pgfmathfuncti
ons.trigonometric.code.tex)
(C:\Users\Josh\AppData\Local\Programs\MiKTeX\tex/generic/pgf/math\pgfmathfuncti
ons.random.code.tex)
(C:\Users\Josh\AppData\Local\Programs\MiKTeX\tex/generic/pgf/math\pgfmathfuncti
ons.comparison.code.tex)
(C:\Users\Josh\AppData\Local\Programs\MiKTeX\tex/generic/pgf/math\pgfmathfuncti
ons.base.code.tex)
(C:\Users\Josh\AppData\Local\Programs\MiKTeX\tex/generic/pgf/math\pgfmathfuncti
ons.round.code.tex)
(C:\Users\Josh\AppData\Local\Programs\MiKTeX\tex/generic/pgf/math\pgfmathfuncti
ons.misc.code.tex)
(C:\Users\Josh\AppData\Local\Programs\MiKTeX\tex/generic/pgf/math\pgfmathfuncti
ons.integerarithmetics.code.tex)))
(C:\Users\Josh\AppData\Local\Programs\MiKTeX\tex/generic/pgf/math\pgfmathfloat.
code.tex
\c@pgfmathroundto@lastzeros=\count285
)))
(C:\Users\Josh\AppData\Local\Programs\MiKTeX\tex/latex/base\size11.clo
File: size11.clo 2021/10/04 v1.4n Standard LaTeX file (size option)
)
(C:\Users\Josh\AppData\Local\Programs\MiKTeX\tex/latex/pgf/basiclayer\pgfcore.s
ty (C:\Users\Josh\AppData\Local\Programs\MiKTeX\tex/latex/graphics\graphicx.sty
Package: graphicx 2021/09/16 v1.2d Enhanced LaTeX Graphics (DPC,SPQR)
(C:\Users\Josh\AppData\Local\Programs\MiKTeX\tex/latex/graphics\graphics.sty
Package: graphics 2021/03/04 v1.4d Standard LaTeX Graphics (DPC,SPQR)

(C:\Users\Josh\AppData\Local\Programs\MiKTeX\tex/latex/graphics\trig.sty
Package: trig 2021/08/11 v1.11 sin cos tan (DPC)
)
(C:\Users\Josh\AppData\Local\Programs\MiKTeX\tex/latex/graphics-cfg\graphics.cf
g
File: graphics.cfg 2016/06/04 v1.11 sample graphics configuration
)
Package graphics Info: Driver file: pdftex.def on input line 107.

(C:\Users\Josh\AppData\Local\Programs\MiKTeX\tex/latex/graphics-def\pdftex.def
File: pdftex.def 2020/10/05 v1.2a Graphics/color driver for pdftex
))
\Gin@req@height=\dimen173
\Gin@req@width=\dimen174
)
(C:\Users\Josh\AppData\Local\Programs\MiKTeX\tex/latex/pgf/systemlayer\pgfsys.s
ty
(C:\Users\Josh\AppData\Local\Programs\MiKTeX\tex/generic/pgf/systemlayer\pgfsys
.code.tex
Package: pgfsys 2021/05/15 v3.1.9a (3.1.9a)

(C:\Users\Josh\AppData\Local\Programs\MiKTeX\tex/generic/pgf/utilities\pgfkeys.
code.tex)
\pgf@x=\dimen175
\pgf@y=\dimen176
\pgf@xa=\dimen177
\pgf@ya=\dimen178
\pgf@xb=\dimen179
\pgf@yb=\dimen180
\pgf@xc=\dimen181
\pgf@yc=\dimen182
\pgf@xd=\dimen183
\pgf@yd=\dimen184
\w@pgf@writea=\write3
\r@pgf@reada=\read2
\c@pgf@counta=\count286
\c@pgf@countb=\count287
\c@pgf@countc=\count288
\c@pgf@countd=\count289
\t@pgf@toka=\toks25
\t@pgf@tokb=\toks26
\t@pgf@tokc=\toks27
\pgf@sys@id@count=\count290

(C:\Users\Josh\AppData\Local\Programs\MiKTeX\tex/generic/pgf/systemlayer\pgf.cf
g
File: pgf.cfg 2021/05/15 v3.1.9a (3.1.9a)
)
Driver file for pgf: pgfsys-pdftex.def

(C:\Users\Josh\AppData\Local\Programs\MiKTeX\tex/generic/pgf/systemlayer\pgfsys
-pdftex.def
File: pgfsys-pdftex.def 2021/05/15 v3.1.9a (3.1.9a)

(C:\Users\Josh\AppData\Local\Programs\MiKTeX\tex/generic/pgf/systemlayer\pgfsys
-common-pdf.def
File: pgfsys-common-pdf.def 2021/05/15 v3.1.9a (3.1.9a)
)))
(C:\Users\Josh\AppData\Local\Programs\MiKTeX\tex/generic/pgf/systemlayer\pgfsys
softpath.code.tex
File: pgfsyssoftpath.code.tex 2021/05/15 v3.1.9a (3.1.9a)
\pgfsyssoftpath@smallbuffer@items=\count291
\pgfsyssoftpath@bigbuffer@items=\count292
)
(C:\Users\Josh\AppData\Local\Programs\MiKTeX\tex/generic/pgf/systemlayer\pgfsys
protocol.code.tex
File: pgfsysprotocol.code.tex 2021/05/15 v3.1.9a (3.1.9a)
))
(C:\Users\Josh\AppData\Local\Programs\MiKTeX\tex/latex/xcolor\xcolor.sty
Package: xcolor 2021/10/31 v2.13 LaTeX color extensions (UK)

(C:\Users\Josh\AppData\Local\Programs\MiKTeX\tex/latex/graphics-cfg\color.cfg
File: color.cfg 2016/01/02 v1.6 sample color configuration
)
Package xcolor Info: Driver file: pdftex.def on input line 227.
Package xcolor Info: Model `cmy' substituted by `cmy0' on input line 1352.
Package xcolor Info: Model `hsb' substituted by `rgb' on input line 1356.
Package xcolor Info: Model `RGB' extended on input line 1368.
Package xcolor Info: Model `HTML' substituted by `rgb' on input line 1370.
Package xcolor Info: Model `Hsb' substituted by `hsb' on input line 1371.
Package xcolor Info: Model `tHsb' substituted by `hsb' on input line 1372.
Package xcolor Info: Model `HSB' substituted by `hsb' on input line 1373.
Package xcolor Info: Model `Gray' substituted by `gray' on input line 1374.
Package xcolor Info: Model `wave' substituted by `hsb' on input line 1375.
)
(C:\Users\Josh\AppData\Local\Programs\MiKTeX\tex/generic/pgf/basiclayer\pgfcore
.code.tex
Package: pgfcore 2021/05/15 v3.1.9a (3.1.9a)

(C:\Users\Josh\AppData\Local\Programs\MiKTeX\tex/generic/pgf/math\pgfmath.code.
tex)
(C:\Users\Josh\AppData\Local\Programs\MiKTeX\tex/generic/pgf/math\pgfint.code.t
ex)
(C:\Users\Josh\AppData\Local\Programs\MiKTeX\tex/generic/pgf/basiclayer\pgfcore
points.code.tex
File: pgfcorepoints.code.tex 2021/05/15 v3.1.9a (3.1.9a)
\pgf@picminx=\dimen185
\pgf@picmaxx=\dimen186
\pgf@picminy=\dimen187
\pgf@picmaxy=\dimen188
\pgf@pathminx=\dimen189
\pgf@pathmaxx=\dimen190
\pgf@pathminy=\dimen191
\pgf@pathmaxy=\dimen192
\pgf@xx=\dimen193
\pgf@xy=\dimen194
\pgf@yx=\dimen195
\pgf@yy=\dimen196
\pgf@zx=\dimen197
\pgf@zy=\dimen198
)
(C:\Users\Josh\AppData\Local\Programs\MiKTeX\tex/generic/pgf/basiclayer\pgfcore
pathconstruct.code.tex
File: pgfcorepathconstruct.code.tex 2021/05/15 v3.1.9a (3.1.9a)
\pgf@path@lastx=\dimen199
\pgf@path@lasty=\dimen256
)
(C:\Users\Josh\AppData\Local\Programs\MiKTeX\tex/generic/pgf/basiclayer\pgfcore
pathusage.code.tex
File: pgfcorepathusage.code.tex 2021/05/15 v3.1.9a (3.1.9a)
\pgf@shorten@end@additional=\dimen257
\pgf@shorten@start@additional=\dimen258
)
(C:\Users\Josh\AppData\Local\Programs\MiKTeX\tex/generic/pgf/basiclayer\pgfcore
scopes.code.tex
File: pgfcorescopes.code.tex 2021/05/15 v3.1.9a (3.1.9a)
\pgfpic=\box61
\pgf@hbox=\box62
\pgf@layerbox@main=\box63
\pgf@picture@serial@count=\count293
)
(C:\Users\Josh\AppData\Local\Programs\MiKTeX\tex/generic/pgf/basiclayer\pgfcore
graphicstate.code.tex
File: pgfcoregraphicstate.code.tex 2021/05/15 v3.1.9a (3.1.9a)
\pgflinewidth=\dimen259
)
(C:\Users\Josh\AppData\Local\Programs\MiKTeX\tex/generic/pgf/basiclayer\pgfcore
transformations.code.tex
File: pgfcoretransformations.code.tex 2021/05/15 v3.1.9a (3.1.9a)
\pgf@pt@x=\dimen260
\pgf@pt@y=\dimen261
\pgf@pt@temp=\dimen262
)
(C:\Users\Josh\AppData\Local\Programs\MiKTeX\tex/generic/pgf/basiclayer\pgfcore
quick.code.tex
File: pgfcorequick.code.tex 2021/05/15 v3.1.9a (3.1.9a)
)
(C:\Users\Josh\AppData\Local\Programs\MiKTeX\tex/generic/pgf/basiclayer\pgfcore
objects.code.tex
File: pgfcoreobjects.code.tex 2021/05/15 v3.1.9a (3.1.9a)
)
(C:\Users\Josh\AppData\Local\Programs\MiKTeX\tex/generic/pgf/basiclayer\pgfcore
pathprocessing.code.tex
File: pgfcorepathprocessing.code.tex 2021/05/15 v3.1.9a (3.1.9a)
)
(C:\Users\Josh\AppData\Local\Programs\MiKTeX\tex/generic/pgf/basiclayer\pgfcore
arrows.code.tex
File: pgfcorearrows.code.tex 2021/05/15 v3.1.9a (3.1.9a)
\pgfarrowsep=\dimen263
)
(C:\Users\Josh\AppData\Local\Programs\MiKTeX\tex/generic/pgf/basiclayer\pgfcore
shade.code.tex
File: pgfcoreshade.code.tex 2021/05/15 v3.1.9a (3.1.9a)
\pgf@max=\dimen264
\pgf@sys@shading@range@num=\count294
\pgf@shadingcount=\count295
)
(C:\Users\Josh\AppData\Local\Programs\MiKTeX\tex/generic/pgf/basiclayer\pgfcore
image.code.tex
File: pgfcoreimage.code.tex 2021/05/15 v3.1.9a (3.1.9a)

(C:\Users\Josh\AppData\Local\Programs\MiKTeX\tex/generic/pgf/basiclayer\pgfcore
external.code.tex
File: pgfcoreexternal.code.tex 2021/05/15 v3.1.9a (3.1.9a)
\pgfexternal@startupbox=\box64
))
(C:\Users\Josh\AppData\Local\Programs\MiKTeX\tex/generic/pgf/basiclayer\pgfcore
layers.code.tex
File: pgfcorelayers.code.tex 2021/05/15 v3.1.9a (3.1.9a)
)
(C:\Users\Josh\AppData\Local\Programs\MiKTeX\tex/generic/pgf/basiclayer\pgfcore
transparency.code.tex
File: pgfcoretransparency.code.tex 2021/05/15 v3.1.9a (3.1.9a)
)
(C:\Users\Josh\AppData\Local\Programs\MiKTeX\tex/generic/pgf/basiclayer\pgfcore
patterns.code.tex
File: pgfcorepatterns.code.tex 2021/05/15 v3.1.9a (3.1.9a)
)
(C:\Users\Josh\AppData\Local\Programs\MiKTeX\tex/generic/pgf/basiclayer\pgfcore
rdf.code.tex
File: pgfcorerdf.code.tex 2021/05/15 v3.1.9a (3.1.9a)
)))
(C:\Users\Josh\AppData\Local\Programs\MiKTeX\tex/latex/pgf/utilities\xxcolor.st
y
Package: xxcolor 2003/10/24 ver 0.1
\XC@nummixins=\count296
\XC@countmixins=\count297
) (C:\Users\Josh\AppData\Local\Programs\MiKTeX\tex/latex/base\atbegshi-ltx.sty
Package: atbegshi-ltx 2021/01/10 v1.0c Emulation of the original atbegshi
package with kernel methods
) (C:\Users\Josh\AppData\Local\Programs\MiKTeX\tex/latex/hyperref\hyperref.sty
Package: hyperref 2022-02-21 v7.00n Hypertext links for LaTeX

(C:\Users\Josh\AppData\Local\Programs\MiKTeX\tex/generic/ltxcmds\ltxcmds.sty
Package: ltxcmds 2020-05-10 v1.25 LaTeX kernel commands for general use (HO)
)
(C:\Users\Josh\AppData\Local\Programs\MiKTeX\tex/generic/pdftexcmds\pdftexcmds.
sty
Package: pdftexcmds 2020-06-27 v0.33 Utility functions of pdfTeX for LuaTeX (HO
)

(C:\Users\Josh\AppData\Local\Programs\MiKTeX\tex/generic/infwarerr\infwarerr.st
y
Package: infwarerr 2019/12/03 v1.5 Providing info/warning/error messages (HO)
)
Package pdftexcmds Info: \pdf@primitive is available.
Package pdftexcmds Info: \pdf@ifprimitive is available.
Package pdftexcmds Info: \pdfdraftmode found.
)
(C:\Users\Josh\AppData\Local\Programs\MiKTeX\tex/generic/kvsetkeys\kvsetkeys.st
y
Package: kvsetkeys 2019/12/15 v1.18 Key value parser (HO)
)
(C:\Users\Josh\AppData\Local\Programs\MiKTeX\tex/generic/kvdefinekeys\kvdefinek
eys.sty
Package: kvdefinekeys 2019-12-19 v1.6 Define keys (HO)
)
(C:\Users\Josh\AppData\Local\Programs\MiKTeX\tex/generic/pdfescape\pdfescape.st
y
Package: pdfescape 2019/12/09 v1.15 Implements pdfTeX's escape features (HO)
) (C:\Users\Josh\AppData\Local\Programs\MiKTeX\tex/latex/hycolor\hycolor.sty
Package: hycolor 2020-01-27 v1.10 Color options for hyperref/bookmark (HO)
)
(C:\Users\Josh\AppData\Local\Programs\MiKTeX\tex/latex/letltxmacro\letltxmacro.
sty
Package: letltxmacro 2019/12/03 v1.6 Let assignment for LaTeX macros (HO)
) (C:\Users\Josh\AppData\Local\Programs\MiKTeX\tex/latex/auxhook\auxhook.sty
Package: auxhook 2019-12-17 v1.6 Hooks for auxiliary files (HO)
)
(C:\Users\Josh\AppData\Local\Programs\MiKTeX\tex/latex/kvoptions\kvoptions.sty
Package: kvoptions 2020-10-07 v3.14 Key value format for package options (HO)
)
\@linkdim=\dimen265
\Hy@linkcounter=\count298
\Hy@pagecounter=\count299
(C:\Users\Josh\AppData\Local\Programs\MiKTeX\tex/latex/hyperref\pd1enc.def
File: pd1enc.def 2022-02-21 v7.00n Hyperref: PDFDocEncoding definition (HO)
Now handling font encoding PD1 ...
... no UTF-8 mapping file for font encoding PD1
)
(C:\Users\Josh\AppData\Local\Programs\MiKTeX\tex/generic/intcalc\intcalc.sty
Package: intcalc 2019/12/15 v1.3 Expandable calculations with integers (HO)
)
(C:\Users\Josh\AppData\Local\Programs\MiKTeX\tex/generic/etexcmds\etexcmds.sty
Package: etexcmds 2019/12/15 v1.7 Avoid name clashes with e-TeX commands (HO)
)
\Hy@SavedSpaceFactor=\count300
(C:\Users\Josh\AppData\Local\Programs\MiKTeX\tex/latex/hyperref\puenc.def
File: puenc.def 2022-02-21 v7.00n Hyperref: PDF Unicode definition (HO)
Now handling font encoding PU ...
... no UTF-8 mapping file for font encoding PU
)
Package hyperref Info: Option `bookmarks' set `true' on input line 4018.
Package hyperref Info: Option `bookmarksopen' set `true' on input line 4018.
Package hyperref Info: Option `implicit' set `false' on input line 4018.
Package hyperref Info: Hyper figures OFF on input line 4137.
Package hyperref Info: Link nesting OFF on input line 4142.
Package hyperref Info: Hyper index ON on input line 4145.
Package hyperref Info: Plain pages OFF on input line 4152.
Package hyperref Info: Backreferencing OFF on input line 4157.
Package hyperref Info: Implicit mode OFF; no redefinition of LaTeX internals.
Package hyperref Info: Bookmarks ON on input line 4390.
\c@Hy@tempcnt=\count301

(C:\Users\Josh\AppData\Local\Programs\MiKTeX\tex/latex/url\url.sty
\Urlmuskip=\muskip16
Package: url 2013/09/16  ver 3.4  Verb mode for urls, etc.
)
LaTeX Info: Redefining \url on input line 4749.
\XeTeXLinkMargin=\dimen266

(C:\Users\Josh\AppData\Local\Programs\MiKTeX\tex/generic/bitset\bitset.sty
Package: bitset 2019/12/09 v1.3 Handle bit-vector datatype (HO)

(C:\Users\Josh\AppData\Local\Programs\MiKTeX\tex/generic/bigintcalc\bigintcalc.
sty
Package: bigintcalc 2019/12/15 v1.5 Expandable calculations on big integers (HO
)
))
\Fld@menulength=\count302
\Field@Width=\dimen267
\Fld@charsize=\dimen268
Package hyperref Info: Hyper figures OFF on input line 6027.
Package hyperref Info: Link nesting OFF on input line 6032.
Package hyperref Info: Hyper index ON on input line 6035.
Package hyperref Info: backreferencing OFF on input line 6042.
Package hyperref Info: Link coloring OFF on input line 6047.
Package hyperref Info: Link coloring with OCG OFF on input line 6052.
Package hyperref Info: PDF/A mode OFF on input line 6057.
LaTeX Info: Redefining \ref on input line 6097.
LaTeX Info: Redefining \pageref on input line 6101.
\Hy@abspage=\count303


Package hyperref Message: Stopped early.

)
Package hyperref Info: Driver (autodetected): hpdftex.
 (C:\Users\Josh\AppData\Local\Programs\MiKTeX\tex/latex/hyperref\hpdftex.def
File: hpdftex.def 2022-02-21 v7.00n Hyperref driver for pdfTeX

(C:\Users\Josh\AppData\Local\Programs\MiKTeX\tex/latex/base\atveryend-ltx.sty
Package: atveryend-ltx 2020/08/19 v1.0a Emulation of the original atveryend pac
kage
with kernel methods
)
\Fld@listcount=\count304
\c@bookmark@seq@number=\count305

(C:\Users\Josh\AppData\Local\Programs\MiKTeX\tex/latex/rerunfilecheck\rerunfile
check.sty
Package: rerunfilecheck 2019/12/05 v1.9 Rerun checks for auxiliary files (HO)

(C:\Users\Josh\AppData\Local\Programs\MiKTeX\tex/generic/uniquecounter\uniqueco
unter.sty
Package: uniquecounter 2019/12/15 v1.4 Provide unlimited unique counter (HO)
)
Package uniquecounter Info: New unique counter `rerunfilecheck' on input line 2
86.
))
(C:\Users\Josh\AppData\Local\Programs\MiKTeX\tex/latex/beamer\beamerbaserequire
s.sty
(C:\Users\Josh\AppData\Local\Programs\MiKTeX\tex/latex/beamer\beamerbasecompati
bility.sty)
(C:\Users\Josh\AppData\Local\Programs\MiKTeX\tex/latex/beamer\beamerbasefont.st
y (C:\Users\Josh\AppData\Local\Programs\MiKTeX\tex/latex/amsfonts\amssymb.sty
Package: amssymb 2013/01/14 v3.01 AMS font symbols

(C:\Users\Josh\AppData\Local\Programs\MiKTeX\tex/latex/amsfonts\amsfonts.sty
Package: amsfonts 2013/01/14 v3.01 Basic AMSFonts support
\@emptytoks=\toks28
\symAMSa=\mathgroup4
\symAMSb=\mathgroup5
LaTeX Font Info:    Redeclaring math symbol \hbar on input line 98.
LaTeX Font Info:    Overwriting math alphabet `\mathfrak' in version `bold'
(Font)                  U/euf/m/n --> U/euf/b/n on input line 106.
))
(C:\Users\Josh\AppData\Local\Programs\MiKTeX\tex/latex/sansmathaccent\sansmatha
ccent.sty
Package: sansmathaccent 2020/01/31

(C:\Users\Josh\AppData\Local\Programs\MiKTeX\tex/latex/koma-script\scrlfile.sty
Package: scrlfile 2021/11/13 v3.35 KOMA-Script package (file load hooks)

(C:\Users\Josh\AppData\Local\Programs\MiKTeX\tex/latex/koma-script\scrlfile-hoo
k.sty
Package: scrlfile-hook 2021/11/13 v3.35 KOMA-Script package (using LaTeX hooks)


(C:\Users\Josh\AppData\Local\Programs\MiKTeX\tex/latex/koma-script\scrlogo.sty
Package: scrlogo 2021/11/13 v3.35 KOMA-Script package (logo)
)))))
(C:\Users\Josh\AppData\Local\Programs\MiKTeX\tex/latex/beamer\beamerbasetransla
tor.sty
(C:\Users\Josh\AppData\Local\Programs\MiKTeX\tex/latex/translator\translator.st
y
Package: translator 2021-05-31 v1.12d Easy translation of strings in LaTeX
))
(C:\Users\Josh\AppData\Local\Programs\MiKTeX\tex/latex/beamer\beamerbasemisc.st
y)
(C:\Users\Josh\AppData\Local\Programs\MiKTeX\tex/latex/beamer\beamerbasetwoscre
ens.sty)
(C:\Users\Josh\AppData\Local\Programs\MiKTeX\tex/latex/beamer\beamerbaseoverlay
.sty
\beamer@argscount=\count306
\beamer@lastskipcover=\skip50
\beamer@trivlistdepth=\count307
)
(C:\Users\Josh\AppData\Local\Programs\MiKTeX\tex/latex/beamer\beamerbasetitle.s
ty)
(C:\Users\Josh\AppData\Local\Programs\MiKTeX\tex/latex/beamer\beamerbasesection
.sty
\c@lecture=\count308
\c@part=\count309
\c@section=\count310
\c@subsection=\count311
\c@subsubsection=\count312
)
(C:\Users\Josh\AppData\Local\Programs\MiKTeX\tex/latex/beamer\beamerbaseframe.s
ty
\beamer@framebox=\box65
\beamer@frametitlebox=\box66
\beamer@zoombox=\box67
\beamer@zoomcount=\count313
\beamer@zoomframecount=\count314
\beamer@frametextheight=\dimen269
\c@subsectionslide=\count315
\beamer@frametopskip=\skip51
\beamer@framebottomskip=\skip52
\beamer@frametopskipautobreak=\skip53
\beamer@framebottomskipautobreak=\skip54
\beamer@envbody=\toks29
\framewidth=\dimen270
\c@framenumber=\count316
)
(C:\Users\Josh\AppData\Local\Programs\MiKTeX\tex/latex/beamer\beamerbaseverbati
m.sty
\beamer@verbatimfileout=\write4
)
(C:\Users\Josh\AppData\Local\Programs\MiKTeX\tex/latex/beamer\beamerbaseframesi
ze.sty
\beamer@splitbox=\box68
\beamer@autobreakcount=\count317
\beamer@autobreaklastheight=\dimen271
\beamer@frametitletoks=\toks30
\beamer@framesubtitletoks=\toks31
)
(C:\Users\Josh\AppData\Local\Programs\MiKTeX\tex/latex/beamer\beamerbaseframeco
mponents.sty
\beamer@footins=\box69
)
(C:\Users\Josh\AppData\Local\Programs\MiKTeX\tex/latex/beamer\beamerbasecolor.s
ty)
(C:\Users\Josh\AppData\Local\Programs\MiKTeX\tex/latex/beamer\beamerbasenotes.s
ty
\beamer@frameboxcopy=\box70
)
(C:\Users\Josh\AppData\Local\Programs\MiKTeX\tex/latex/beamer\beamerbasetoc.sty
)
(C:\Users\Josh\AppData\Local\Programs\MiKTeX\tex/latex/beamer\beamerbasetemplat
es.sty
\beamer@sbttoks=\toks32

(C:\Users\Josh\AppData\Local\Programs\MiKTeX\tex/latex/beamer\beamerbaseauxtemp
lates.sty
(C:\Users\Josh\AppData\Local\Programs\MiKTeX\tex/latex/beamer\beamerbaseboxes.s
ty
\bmb@box=\box71
\bmb@colorbox=\box72
\bmb@boxwidth=\dimen272
\bmb@boxheight=\dimen273
\bmb@prevheight=\dimen274
\bmb@temp=\dimen275
\bmb@dima=\dimen276
\bmb@dimb=\dimen277
\bmb@prevheight=\dimen278
)
\beamer@blockheadheight=\dimen279
))
(C:\Users\Josh\AppData\Local\Programs\MiKTeX\tex/latex/beamer\beamerbaselocalst
ructure.sty
(C:\Users\Josh\AppData\Local\Programs\MiKTeX\tex/latex/tools\enumerate.sty
Package: enumerate 2015/07/23 v3.00 enumerate extensions (DPC)
\@enLab=\toks33
)
\beamer@bibiconwidth=\skip55
\c@figure=\count318
\c@table=\count319
\abovecaptionskip=\skip56
\belowcaptionskip=\skip57
)
(C:\Users\Josh\AppData\Local\Programs\MiKTeX\tex/latex/beamer\beamerbasenavigat
ion.sty
\beamer@section@min@dim=\dimen280
)
(C:\Users\Josh\AppData\Local\Programs\MiKTeX\tex/latex/beamer\beamerbasetheorem
s.sty
(C:\Users\Josh\AppData\Local\Programs\MiKTeX\tex/latex/amsmath\amsmath.sty
Package: amsmath 2021/10/15 v2.17l AMS math features
\@mathmargin=\skip58

For additional information on amsmath, use the `?' option.
(C:\Users\Josh\AppData\Local\Programs\MiKTeX\tex/latex/amsmath\amstext.sty
Package: amstext 2021/08/26 v2.01 AMS text

(C:\Users\Josh\AppData\Local\Programs\MiKTeX\tex/latex/amsmath\amsgen.sty
File: amsgen.sty 1999/11/30 v2.0 generic functions
\@emptytoks=\toks34
\ex@=\dimen281
))
(C:\Users\Josh\AppData\Local\Programs\MiKTeX\tex/latex/amsmath\amsbsy.sty
Package: amsbsy 1999/11/29 v1.2d Bold Symbols
\pmbraise@=\dimen282
)
(C:\Users\Josh\AppData\Local\Programs\MiKTeX\tex/latex/amsmath\amsopn.sty
Package: amsopn 2021/08/26 v2.02 operator names
)
\inf@bad=\count320
LaTeX Info: Redefining \frac on input line 234.
\uproot@=\count321
\leftroot@=\count322
LaTeX Info: Redefining \overline on input line 399.
\classnum@=\count323
\DOTSCASE@=\count324
LaTeX Info: Redefining \ldots on input line 496.
LaTeX Info: Redefining \dots on input line 499.
LaTeX Info: Redefining \cdots on input line 620.
\Mathstrutbox@=\box73
\strutbox@=\box74
\big@size=\dimen283
LaTeX Font Info:    Redeclaring font encoding OML on input line 743.
LaTeX Font Info:    Redeclaring font encoding OMS on input line 744.
\macc@depth=\count325
\c@MaxMatrixCols=\count326
\dotsspace@=\muskip17
\c@parentequation=\count327
\dspbrk@lvl=\count328
\tag@help=\toks35
\row@=\count329
\column@=\count330
\maxfields@=\count331
\andhelp@=\toks36
\eqnshift@=\dimen284
\alignsep@=\dimen285
\tagshift@=\dimen286
\tagwidth@=\dimen287
\totwidth@=\dimen288
\lineht@=\dimen289
\@envbody=\toks37
\multlinegap=\skip59
\multlinetaggap=\skip60
\mathdisplay@stack=\toks38
LaTeX Info: Redefining \[ on input line 2938.
LaTeX Info: Redefining \] on input line 2939.
)
(C:\Users\Josh\AppData\Local\Programs\MiKTeX\tex/latex/amscls\amsthm.sty
Package: amsthm 2020/05/29 v2.20.6
\thm@style=\toks39
\thm@bodyfont=\toks40
\thm@headfont=\toks41
\thm@notefont=\toks42
\thm@headpunct=\toks43
\thm@preskip=\skip61
\thm@postskip=\skip62
\thm@headsep=\skip63
\dth@everypar=\toks44
)
\c@theorem=\count332
)
(C:\Users\Josh\AppData\Local\Programs\MiKTeX\tex/latex/beamer\beamerbasethemes.
sty))
(C:\Users\Josh\AppData\Local\Programs\MiKTeX\tex/latex/beamer\beamerthemedefaul
t.sty
(C:\Users\Josh\AppData\Local\Programs\MiKTeX\tex/latex/beamer\beamerfontthemede
fault.sty)
(C:\Users\Josh\AppData\Local\Programs\MiKTeX\tex/latex/beamer\beamercolorthemed
efault.sty)
(C:\Users\Josh\AppData\Local\Programs\MiKTeX\tex/latex/beamer\beamerinnerthemed
efault.sty
\beamer@dima=\dimen290
\beamer@dimb=\dimen291
)
(C:\Users\Josh\AppData\Local\Programs\MiKTeX\tex/latex/beamer\beamerouterthemed
efault.sty)))
(C:\Users\Josh\AppData\Local\Programs\MiKTeX\tex/latex/paralist\paralist.sty
Package: paralist 2017/01/22 v2.7 Extended list environments
\pltopsep=\skip64
\plpartopsep=\skip65
\plitemsep=\skip66
\plparsep=\skip67
\pl@lab=\toks45
)
(C:\Users\Josh\AppData\Local\Programs\MiKTeX\tex/latex/outlines\outlines.sty
Package: outlines 2012/1/23 1.1 Ch. Pecheur

(C:\Users\Josh\AppData\Local\Programs\MiKTeX\tex/latex/base\ifthen.sty
Package: ifthen 2020/11/24 v1.1c Standard LaTeX ifthen package (DPC)
))
(C:\Users\Josh\AppData\Local\Programs\MiKTeX\tex/latex/beamer\beamerthemeWarsaw
.sty
(C:\Users\Josh\AppData\Local\Programs\MiKTeX\tex/latex/beamer\beamerinnerthemer
ounded.sty)
(C:\Users\Josh\AppData\Local\Programs\MiKTeX\tex/latex/beamer\beamerouterthemes
hadow.sty
(C:\Users\Josh\AppData\Local\Programs\MiKTeX\tex/latex/beamer\beamerouterthemes
plit.sty))
(C:\Users\Josh\AppData\Local\Programs\MiKTeX\tex/latex/beamer\beamercolorthemeo
rchid.sty)
(C:\Users\Josh\AppData\Local\Programs\MiKTeX\tex/latex/beamer\beamercolorthemew
hale.sty))
(C:\Users\Josh\AppData\Local\Programs\MiKTeX\tex/latex/beamer\beamerpatchparali
st.sty)
(C:\Users\Josh\AppData\Local\Programs\MiKTeX\tex/latex/l3backend\l3backend-pdft
ex.def
File: l3backend-pdftex.def 2022-02-07 L3 backend support: PDF output (pdfTeX)
\l__color_backend_stack_int=\count333
\l__pdf_internal_box=\box75
)
(DAM 110 - Filters, Blending Modes, Guide Lines, Importing Images, and making C
ontact Sheets.aux)
\openout1 = `"DAM 110 - Filters, Blending Modes, Guide Lines, Importing Images,
 and making Contact Sheets.aux"'.

LaTeX Font Info:    Checking defaults for OML/cmm/m/it on input line 26.
LaTeX Font Info:    ... okay on input line 26.
LaTeX Font Info:    Checking defaults for OMS/cmsy/m/n on input line 26.
LaTeX Font Info:    ... okay on input line 26.
LaTeX Font Info:    Checking defaults for OT1/cmr/m/n on input line 26.
LaTeX Font Info:    ... okay on input line 26.
LaTeX Font Info:    Checking defaults for T1/cmr/m/n on input line 26.
LaTeX Font Info:    ... okay on input line 26.
LaTeX Font Info:    Checking defaults for TS1/cmr/m/n on input line 26.
LaTeX Font Info:    ... okay on input line 26.
LaTeX Font Info:    Checking defaults for OMX/cmex/m/n on input line 26.
LaTeX Font Info:    ... okay on input line 26.
LaTeX Font Info:    Checking defaults for U/cmr/m/n on input line 26.
LaTeX Font Info:    ... okay on input line 26.
LaTeX Font Info:    Checking defaults for PD1/pdf/m/n on input line 26.
LaTeX Font Info:    ... okay on input line 26.
LaTeX Font Info:    Checking defaults for PU/pdf/m/n on input line 26.
LaTeX Font Info:    ... okay on input line 26.

*geometry* driver: auto-detecting
*geometry* detected driver: pdftex
*geometry* verbose mode - [ preamble ] result:
* driver: pdftex
* paper: custom
* layout: <same size as paper>
* layoutoffset:(h,v)=(0.0pt,0.0pt)
* modes: includehead includefoot 
* h-part:(L,W,R)=(28.45274pt, 307.28987pt, 28.45274pt)
* v-part:(T,H,B)=(0.0pt, 273.14662pt, 0.0pt)
* \paperwidth=364.19536pt
* \paperheight=273.14662pt
* \textwidth=307.28987pt
* \textheight=244.6939pt
* \oddsidemargin=-43.81725pt
* \evensidemargin=-43.81725pt
* \topmargin=-72.26999pt
* \headheight=14.22636pt
* \headsep=0.0pt
* \topskip=11.0pt
* \footskip=14.22636pt
* \marginparwidth=4.0pt
* \marginparsep=10.0pt
* \columnsep=10.0pt
* \skip\footins=10.0pt plus 4.0pt minus 2.0pt
* \hoffset=0.0pt
* \voffset=0.0pt
* \mag=1000
* \@twocolumnfalse
* \@twosidefalse
* \@mparswitchfalse
* \@reversemarginfalse
* (1in=72.27pt=25.4mm, 1cm=28.453pt)


(C:\Users\Josh\AppData\Local\Programs\MiKTeX\tex/context/base/mkii\supp-pdf.mki
i
[Loading MPS to PDF converter (version 2006.09.02).]
\scratchcounter=\count334
\scratchdimen=\dimen292
\scratchbox=\box76
\nofMPsegments=\count335
\nofMParguments=\count336
\everyMPshowfont=\toks46
\MPscratchCnt=\count337
\MPscratchDim=\dimen293
\MPnumerator=\count338
\makeMPintoPDFobject=\count339
\everyMPtoPDFconversion=\toks47
)
(C:\Users\Josh\AppData\Local\Programs\MiKTeX\tex/latex/epstopdf-pkg\epstopdf-ba
se.sty
Package: epstopdf-base 2020-01-24 v2.11 Base part for package epstopdf
Package epstopdf-base Info: Redefining graphics rule for `.eps' on input line 4
85.

(C:\Users\Josh\AppData\Local\Programs\MiKTeX\tex/latex/00miktex\epstopdf-sys.cf
g
File: epstopdf-sys.cfg 2021/03/18 v2.0 Configuration of epstopdf for MiKTeX
))
Package hyperref Info: Link coloring OFF on input line 26.
 (C:\Users\Josh\AppData\Local\Programs\MiKTeX\tex/latex/hyperref\nameref.sty
Package: nameref 2021-04-02 v2.47 Cross-referencing by name of section
(C:\Users\Josh\AppData\Local\Programs\MiKTeX\tex/latex/refcount\refcount.sty
Package: refcount 2019/12/15 v3.6 Data extraction from label references (HO)
)
(C:\Users\Josh\AppData\Local\Programs\MiKTeX\tex/generic/gettitlestring\gettitl
estring.sty
Package: gettitlestring 2019/12/15 v1.6 Cleanup title references (HO)
)
\c@section@level=\count340
)
LaTeX Info: Redefining \ref on input line 26.
LaTeX Info: Redefining \pageref on input line 26.
LaTeX Info: Redefining \nameref on input line 26.

(DAM 110 - Filters, Blending Modes, Guide Lines, Importing Images, and making C
ontact Sheets.out)
(DAM 110 - Filters, Blending Modes, Guide Lines, Importing Images, and making C
ontact Sheets.out)
\@outlinefile=\write5
\openout5 = `"DAM 110 - Filters, Blending Modes, Guide Lines, Importing Images,
 and making Contact Sheets.out"'.

LaTeX Font Info:    Overwriting symbol font `operators' in version `normal'
(Font)                  OT1/cmr/m/n --> OT1/cmss/m/n on input line 26.
LaTeX Font Info:    Overwriting symbol font `operators' in version `bold'
(Font)                  OT1/cmr/bx/n --> OT1/cmss/b/n on input line 26.
\symnumbers=\mathgroup6
\sympureletters=\mathgroup7
LaTeX Font Info:    Overwriting math alphabet `\mathrm' in version `normal'
(Font)                  OT1/cmss/m/n --> OT1/cmr/m/n on input line 26.
LaTeX Font Info:    Redeclaring math alphabet \mathbf on input line 26.
LaTeX Font Info:    Overwriting math alphabet `\mathbf' in version `normal'
(Font)                  OT1/cmr/bx/n --> OT1/cmss/b/n on input line 26.
LaTeX Font Info:    Overwriting math alphabet `\mathbf' in version `bold'
(Font)                  OT1/cmr/bx/n --> OT1/cmss/b/n on input line 26.
LaTeX Font Info:    Redeclaring math alphabet \mathsf on input line 26.
LaTeX Font Info:    Overwriting math alphabet `\mathsf' in version `normal'
(Font)                  OT1/cmss/m/n --> OT1/cmss/m/n on input line 26.
LaTeX Font Info:    Overwriting math alphabet `\mathsf' in version `bold'
(Font)                  OT1/cmss/bx/n --> OT1/cmss/m/n on input line 26.
LaTeX Font Info:    Redeclaring math alphabet \mathit on input line 26.
LaTeX Font Info:    Overwriting math alphabet `\mathit' in version `normal'
(Font)                  OT1/cmr/m/it --> OT1/cmss/m/it on input line 26.
LaTeX Font Info:    Overwriting math alphabet `\mathit' in version `bold'
(Font)                  OT1/cmr/bx/it --> OT1/cmss/m/it on input line 26.
LaTeX Font Info:    Redeclaring math alphabet \mathtt on input line 26.
LaTeX Font Info:    Overwriting math alphabet `\mathtt' in version `normal'
(Font)                  OT1/cmtt/m/n --> OT1/cmtt/m/n on input line 26.
LaTeX Font Info:    Overwriting math alphabet `\mathtt' in version `bold'
(Font)                  OT1/cmtt/m/n --> OT1/cmtt/m/n on input line 26.
LaTeX Font Info:    Overwriting symbol font `numbers' in version `bold'
(Font)                  OT1/cmss/m/n --> OT1/cmss/b/n on input line 26.
LaTeX Font Info:    Overwriting symbol font `pureletters' in version `bold'
(Font)                  OT1/cmss/m/it --> OT1/cmss/b/it on input line 26.
LaTeX Font Info:    Overwriting math alphabet `\mathrm' in version `bold'
(Font)                  OT1/cmss/b/n --> OT1/cmr/b/n on input line 26.
LaTeX Font Info:    Overwriting math alphabet `\mathbf' in version `bold'
(Font)                  OT1/cmss/b/n --> OT1/cmss/b/n on input line 26.
LaTeX Font Info:    Overwriting math alphabet `\mathsf' in version `bold'
(Font)                  OT1/cmss/m/n --> OT1/cmss/b/n on input line 26.
LaTeX Font Info:    Overwriting math alphabet `\mathit' in version `bold'
(Font)                  OT1/cmss/m/it --> OT1/cmss/b/it on input line 26.
LaTeX Font Info:    Overwriting math alphabet `\mathtt' in version `bold'
(Font)                  OT1/cmtt/m/n --> OT1/cmtt/b/n on input line 26.
LaTeX Font Info:    Redeclaring symbol font `pureletters' on input line 26.
LaTeX Font Info:    Overwriting symbol font `pureletters' in version `normal'
(Font)                  OT1/cmss/m/it --> OT1/mathkerncmss/m/sl on input line 2
6.
LaTeX Font Info:    Overwriting symbol font `pureletters' in version `bold'
(Font)                  OT1/cmss/b/it --> OT1/mathkerncmss/m/sl on input line 2
6.
LaTeX Font Info:    Overwriting symbol font `pureletters' in version `bold'
(Font)                  OT1/mathkerncmss/m/sl --> OT1/mathkerncmss/bx/sl on inp
ut line 26.

(C:\Users\Josh\AppData\Local\Programs\MiKTeX\tex/latex/translator\translator-ba
sic-dictionary-English.dict
Dictionary: translator-basic-dictionary, Language: English 
)
(C:\Users\Josh\AppData\Local\Programs\MiKTeX\tex/latex/translator\translator-bi
bliography-dictionary-English.dict
Dictionary: translator-bibliography-dictionary, Language: English 
)
(C:\Users\Josh\AppData\Local\Programs\MiKTeX\tex/latex/translator\translator-en
vironment-dictionary-English.dict
Dictionary: translator-environment-dictionary, Language: English 
)
(C:\Users\Josh\AppData\Local\Programs\MiKTeX\tex/latex/translator\translator-mo
nths-dictionary-English.dict
Dictionary: translator-months-dictionary, Language: English 
)
(C:\Users\Josh\AppData\Local\Programs\MiKTeX\tex/latex/translator\translator-nu
mbers-dictionary-English.dict
Dictionary: translator-numbers-dictionary, Language: English 
)
(C:\Users\Josh\AppData\Local\Programs\MiKTeX\tex/latex/translator\translator-th
eorem-dictionary-English.dict
Dictionary: translator-theorem-dictionary, Language: English 
)
(DAM 110 - Filters, Blending Modes, Guide Lines, Importing Images, and making C
ontact Sheets.nav)
Overfull \hbox (6.59941pt too wide) in paragraph at lines 26--26
 [][][][] []  
 []

<images/photoshop.jpg, id=136, 803.0pt x 401.5pt>
File: images/photoshop.jpg Graphic file (type jpg)
<use images/photoshop.jpg>
Package pdftex.def Info: images/photoshop.jpg  used on input line 33.
(pdftex.def)             Requested size: 245.83282pt x 122.91373pt.
[1

{C:/Users/Josh/AppData/Local/MiKTeX/fonts/map/pdftex/pdftex.map} <./images/phot
oshop.jpg>]
LaTeX Font Info:    Trying to load font information for U+msa on input line 54.


(C:\Users\Josh\AppData\Local\Programs\MiKTeX\tex/latex/amsfonts\umsa.fd
File: umsa.fd 2013/01/14 v3.01 AMS symbols A
)
LaTeX Font Info:    Trying to load font information for U+msb on input line 54.


(C:\Users\Josh\AppData\Local\Programs\MiKTeX\tex/latex/amsfonts\umsb.fd
File: umsb.fd 2013/01/14 v3.01 AMS symbols B
)
LaTeX Font Info:    Trying to load font information for OT1+mathkerncmss on inp
ut line 54.

(C:\Users\Josh\AppData\Local\Programs\MiKTeX\tex/latex/sansmathaccent\ot1mathke
rncmss.fd
File: ot1mathkerncmss.fd 2020/01/31 Fontinst v1.933 font definitions for OT1/ma
thkerncmss.
)
<images/ps.jpg, id=169, 475.7775pt x 463.7325pt>
File: images/ps.jpg Graphic file (type jpg)
<use images/ps.jpg>
Package pdftex.def Info: images/ps.jpg  used on input line 54.
(pdftex.def)             Requested size: 117.5384pt x 114.56009pt.

Overfull \hbox (6.59941pt too wide) has occurred while \output is active
 [][][][] []  
 []

[2

 <./images/ps.jpg>]
Overfull \hbox (6.59941pt too wide) has occurred while \output is active
 [][][][] []  
 []

[3

]
<images/syllabus update.png, id=245, 1103.62312pt x 456.20438pt>
File: images/syllabus update.png Graphic file (type png)
<use images/syllabus update.png>
Package pdftex.def Info: images/syllabus update.png  used on input line 93.
(pdftex.def)             Requested size: 153.64493pt x 63.5062pt.
<images/Outline Update.png, id=247, 545.78906pt x 531.48563pt>
File: images/Outline Update.png Graphic file (type png)
<use images/Outline Update.png>
Package pdftex.def Info: images/Outline Update.png  used on input line 93.
(pdftex.def)             Requested size: 169.01035pt x 164.58041pt.

Overfull \hbox (15.36542pt too wide) in paragraph at lines 93--93
 [][] 
 []


Overfull \hbox (6.59941pt too wide) has occurred while \output is active
 [][][][] []  
 []

[4

 <./images/syllabus update.png> <./images/Outline Update.png>]
<images/schedule.png, id=282, 846.16125pt x 382.42876pt>
File: images/schedule.png Graphic file (type png)
<use images/schedule.png>
Package pdftex.def Info: images/schedule.png  used on input line 107.
(pdftex.def)             Requested size: 276.559pt x 124.98811pt.

Overfull \vbox (21.80109pt too high) detected at line 107
 []


Overfull \hbox (6.59941pt too wide) has occurred while \output is active
 [][][][] []  
 []

[5

 <./images/schedule.png>]
Overfull \hbox (6.59941pt too wide) has occurred while \output is active
 [][][][] []  
 []

[6

]
<images/what-is-adobe-bridge-cc.jpg, id=347, 602.25pt x 339.2675pt>
File: images/what-is-adobe-bridge-cc.jpg Graphic file (type jpg)
<use images/what-is-adobe-bridge-cc.jpg>
Package pdftex.def Info: images/what-is-adobe-bridge-cc.jpg  used on input line
 131.
(pdftex.def)             Requested size: 199.73653pt x 112.5177pt.

Overfull \vbox (12.15985pt too high) detected at line 131
 []


Overfull \hbox (6.59941pt too wide) has occurred while \output is active
 [][][][] []  
 []

[7

 <./images/what-is-adobe-bridge-cc.jpg>]
<images/66821-20100927_fg01.jpg, id=380, 471.7625pt x 214.8025pt>
File: images/66821-20100927_fg01.jpg Graphic file (type jpg)
<use images/66821-20100927_fg01.jpg>
Package pdftex.def Info: images/66821-20100927_fg01.jpg  used on input line 140
.
(pdftex.def)             Requested size: 245.83282pt x 111.93393pt.

Overfull \hbox (6.59941pt too wide) has occurred while \output is active
 [][][][] []  
 []

[8

 <./images/66821-20100927_fg01.jpg>]
<images/filters.png, id=418, 648.4225pt x 430.60875pt>
File: images/filters.png Graphic file (type png)
<use images/filters.png>
Package pdftex.def Info: images/filters.png  used on input line 153.
(pdftex.def)             Requested size: 215.10196pt x 142.84378pt.

Overfull \vbox (47.28595pt too high) detected at line 153
 []


Overfull \hbox (6.59941pt too wide) has occurred while \output is active
 [][][][] []  
 []

[9

 <./images/filters.png>]
<images/performance.png, id=453, 707.64375pt x 459.21562pt>
File: images/performance.png Graphic file (type png)
<use images/performance.png>
Package pdftex.def Info: images/performance.png  used on input line 167.
(pdftex.def)             Requested size: 215.10196pt x 139.58757pt.

Overfull \vbox (37.10056pt too high) detected at line 167
 []


Overfull \hbox (6.59941pt too wide) has occurred while \output is active
 [][][][] []  
 []

[10

 <./images/performance.png>]
<images/apply filter.png, id=488, 1442.38875pt x 810.77907pt>
File: images/apply filter.png Graphic file (type png)
<use images/apply filter.png>
Package pdftex.def Info: images/apply filter.png  used on input line 183.
(pdftex.def)             Requested size: 230.46739pt x 129.54173pt.

Overfull \vbox (15.58388pt too high) detected at line 183
 []


Overfull \hbox (6.59941pt too wide) has occurred while \output is active
 [][][][] []  
 []

[11

 <./images/apply filter.png>]
<images/smart filters.png, id=523, 1443.89438pt x 808.52063pt>
File: images/smart filters.png Graphic file (type png)
<use images/smart filters.png>
Package pdftex.def Info: images/smart filters.png  used on input line 197.
(pdftex.def)             Requested size: 261.19826pt x 146.25531pt.

Overfull \vbox (47.49747pt too high) detected at line 197
 []


Overfull \hbox (6.59941pt too wide) has occurred while \output is active
 [][][][] []  
 []

[12

 <./images/smart filters.png>]
<images/get to filter gallery.png, id=558, 1443.14156pt x 811.53188pt>
File: images/get to filter gallery.png Graphic file (type png)
<use images/get to filter gallery.png>
Package pdftex.def Info: images/get to filter gallery.png  used on input line 2
09.
(pdftex.def)             Requested size: 307.28987pt x 172.79187pt.

Overfull \vbox (17.84927pt too high) detected at line 209
 []


Overfull \hbox (6.59941pt too wide) has occurred while \output is active
 [][][][] []  
 []

[13

 <./images/get to filter gallery.png>]
<images/blending modes 2.jpg, id=594, 568.1225pt x 671.50874pt>
File: images/blending modes 2.jpg Graphic file (type jpg)
<use images/blending modes 2.jpg>
Package pdftex.def Info: images/blending modes 2.jpg  used on input line 218.
(pdftex.def)             Requested size: 169.01036pt x 199.76352pt.

Overfull \vbox (6.37648pt too high) detected at line 218
 []


Overfull \hbox (6.59941pt too wide) has occurred while \output is active
 [][][][] []  
 []

[14

 <./images/blending modes 2.jpg>]
<images/Photoshop-blend-layer-effects-orange-1.jpg, id=632, 1926.19624pt x 1040
.88875pt>
File: images/Photoshop-blend-layer-effects-orange-1.jpg Graphic file (type jpg)

<use images/Photoshop-blend-layer-effects-orange-1.jpg>
Package pdftex.def Info: images/Photoshop-blend-layer-effects-orange-1.jpg  use
d on input line 233.
(pdftex.def)             Requested size: 215.10196pt x 116.22932pt.

Overfull \vbox (12.48674pt too high) detected at line 233
 []


Overfull \hbox (6.59941pt too wide) has occurred while \output is active
 [][][][] []  
 []

[15

 <./images/Photoshop-blend-layer-effects-orange-1.jpg>]
<images/blending modes 3.png, id=666, 1525.19812pt x 551.81157pt>
File: images/blending modes 3.png Graphic file (type png)
<use images/blending modes 3.png>
Package pdftex.def Info: images/blending modes 3.png  used on input line 245.
(pdftex.def)             Requested size: 307.28987pt x 111.16867pt.

Overfull \hbox (6.59941pt too wide) has occurred while \output is active
 [][][][] []  
 []

[16

 <./images/blending modes 3.png>]
Overfull \hbox (6.59941pt too wide) has occurred while \output is active
 [][][][] []  
 []

[17

]
Overfull \hbox (6.59941pt too wide) has occurred while \output is active
 [][][][] []  
 []

[18

]
Overfull \hbox (6.59941pt too wide) has occurred while \output is active
 [][][][] []  
 []

[19

]
Overfull \hbox (6.59941pt too wide) has occurred while \output is active
 [][][][] []  
 []

[20

]
Overfull \hbox (6.59941pt too wide) has occurred while \output is active
 [][][][] []  
 []

[21

]
Overfull \hbox (6.59941pt too wide) has occurred while \output is active
 [][][][] []  
 []

[22

]
Overfull \hbox (6.59941pt too wide) has occurred while \output is active
 [][][][] []  
 []

[23

]
Overfull \hbox (6.59941pt too wide) has occurred while \output is active
 [][][][] []  
 []

[24

]
Overfull \hbox (6.59941pt too wide) has occurred while \output is active
 [][][][] []  
 []

[25

]
Overfull \vbox (2.61296pt too high) detected at line 352
 []


Overfull \hbox (6.59941pt too wide) has occurred while \output is active
 [][][][] []  
 []

[26

]
Overfull \vbox (2.61296pt too high) detected at line 366
 []


Overfull \hbox (6.59941pt too wide) has occurred while \output is active
 [][][][] []  
 []

[27

]
<images/crop-tool-photoshop-2020.jpg, id=1075, 1445.4pt x 803.0pt>
File: images/crop-tool-photoshop-2020.jpg Graphic file (type jpg)
<use images/crop-tool-photoshop-2020.jpg>
Package pdftex.def Info: images/crop-tool-photoshop-2020.jpg  used on input lin
e 374.
(pdftex.def)             Requested size: 307.28987pt x 170.71794pt.

Overfull \hbox (6.59941pt too wide) has occurred while \output is active
 [][][][] []  
 []

[28

 <./images/crop-tool-photoshop-2020.jpg>]
<images/import 1.png, id=1112, 961.09062pt x 540.77031pt>
File: images/import 1.png Graphic file (type png)
<use images/import 1.png>
Package pdftex.def Info: images/import 1.png  used on input line 386.
(pdftex.def)             Requested size: 307.28987pt x 172.9015pt.

Overfull \vbox (9.34364pt too high) detected at line 386
 []


Overfull \hbox (6.59941pt too wide) has occurred while \output is active
 [][][][] []  
 []

[29

 <./images/import 1.png>]
<images/import 2.png, id=1148, 963.6pt x 540.51938pt>
File: images/import 2.png Graphic file (type png)
<use images/import 2.png>
Package pdftex.def Info: images/import 2.png  used on input line 399.
(pdftex.def)             Requested size: 230.46739pt x 129.27367pt.

Overfull \hbox (6.59941pt too wide) has occurred while \output is active
 [][][][] []  
 []

[30

 <./images/import 2.png>]
<images/crop 1.png, id=1183, 403.25656pt x 219.57031pt>
File: images/crop 1.png Graphic file (type png)
<use images/crop 1.png>
Package pdftex.def Info: images/crop 1.png  used on input line 413.
(pdftex.def)             Requested size: 230.46739pt x 125.48805pt.

Overfull \vbox (29.93022pt too high) detected at line 413
 []


Overfull \hbox (6.59941pt too wide) has occurred while \output is active
 [][][][] []  
 []

[31

 <./images/crop 1.png>]
<images/crop 2.png, id=1221, 380.17032pt x 117.1878pt>
File: images/crop 2.png Graphic file (type png)
<use images/crop 2.png>
Package pdftex.def Info: images/crop 2.png  used on input line 426.
(pdftex.def)             Requested size: 307.28987pt x 94.72488pt.

Overfull \hbox (6.59941pt too wide) has occurred while \output is active
 [][][][] []  
 []

[32

 <./images/crop 2.png>]
Overfull \hbox (6.59941pt too wide) has occurred while \output is active
 [][][][] []  
 []

[33

]
<images/crop 3.png, id=1289, 502.37688pt x 342.27875pt>
File: images/crop 3.png Graphic file (type png)
<use images/crop 3.png>
Package pdftex.def Info: images/crop 3.png  used on input line 453.
(pdftex.def)             Requested size: 122.91406pt x 83.7415pt.

Overfull \vbox (17.78365pt too high) detected at line 453
 []


Overfull \hbox (6.59941pt too wide) has occurred while \output is active
 [][][][] []  
 []

[34

 <./images/crop 3.png>]
<images/smart guides and rulers.jpg, id=1324, 475.7775pt x 266.9975pt>
File: images/smart guides and rulers.jpg Graphic file (type jpg)
<use images/smart guides and rulers.jpg>
Package pdftex.def Info: images/smart guides and rulers.jpg  used on input line
 462.
(pdftex.def)             Requested size: 245.83282pt x 137.95949pt.

Overfull \hbox (6.59941pt too wide) has occurred while \output is active
 [][][][] []  
 []

[35

 <./images/smart guides and rulers.jpg>]
<images/guide lines.png, id=1366, 1445.4pt x 813.0375pt>
File: images/guide lines.png Graphic file (type png)
<use images/guide lines.png>
Package pdftex.def Info: images/guide lines.png  used on input line 476.
(pdftex.def)             Requested size: 153.64493pt x 86.41975pt.

Overfull \vbox (23.13275pt too high) detected at line 476
 []


Overfull \hbox (6.59941pt too wide) has occurred while \output is active
 [][][][] []  
 []

[36

 <./images/guide lines.png>]
<images/guides.png, id=1403, 384.6872pt x 272.26718pt>
File: images/guides.png Graphic file (type png)
<use images/guides.png>
Package pdftex.def Info: images/guides.png  used on input line 484.
(pdftex.def)             Requested size: 245.83282pt x 173.99696pt.

Overfull \hbox (6.59941pt too wide) has occurred while \output is active
 [][][][] []  
 []

[37

 <./images/guides.png>]
Overfull \hbox (6.59941pt too wide) has occurred while \output is active
 [][][][] []  
 []

[38

]
Overfull \hbox (6.59941pt too wide) has occurred while \output is active
 [][][][] []  
 []

[39

]
<images/guides 2.png, id=1513, 168.37906pt x 215.05344pt>
File: images/guides 2.png Graphic file (type png)
<use images/guides 2.png>
Package pdftex.def Info: images/guides 2.png  used on input line 522.
(pdftex.def)             Requested size: 153.64493pt x 196.23706pt.

Overfull \vbox (32.6792pt too high) detected at line 522
 []


Overfull \hbox (6.59941pt too wide) has occurred while \output is active
 [][][][] []  
 []

[40

 <./images/guides 2.png>]
<images/snap.png, id=1550, 251.18843pt x 452.94218pt>
File: images/snap.png Graphic file (type png)
<use images/snap.png>
Package pdftex.def Info: images/snap.png  used on input line 542.
(pdftex.def)             Requested size: 153.64493pt x 277.04765pt.

Overfull \vbox (85.66061pt too high) detected at line 542
 []


Overfull \hbox (6.59941pt too wide) has occurred while \output is active
 [][][][] []  
 []

[41

 <./images/snap.png>]
<images/duplicate.png, id=1587, 321.2pt x 242.65656pt>
File: images/duplicate.png Graphic file (type png)
<use images/duplicate.png>
Package pdftex.def Info: images/duplicate.png  used on input line 558.
(pdftex.def)             Requested size: 153.64493pt x 116.07764pt.

Overfull \hbox (6.59941pt too wide) has occurred while \output is active
 [][][][] []  
 []

[42

 <./images/duplicate.png>]
<images/arrange.png, id=1625, 383.68344pt x 303.38344pt>
File: images/arrange.png Graphic file (type png)
<use images/arrange.png>
Package pdftex.def Info: images/arrange.png  used on input line 571.
(pdftex.def)             Requested size: 230.46739pt x 182.23514pt.

Overfull \vbox (45.87729pt too high) detected at line 571
 []


Overfull \hbox (6.59941pt too wide) has occurred while \output is active
 [][][][] []  
 []

[43

 <./images/arrange.png>]
<images/transfering layers.png, id=1663, 963.09813pt x 511.9125pt>
File: images/transfering layers.png Graphic file (type png)
<use images/transfering layers.png>
Package pdftex.def Info: images/transfering layers.png  used on input line 585.

(pdftex.def)             Requested size: 230.46739pt x 122.49438pt.

Overfull \hbox (6.59941pt too wide) has occurred while \output is active
 [][][][] []  
 []

[44

 <./images/transfering layers.png>]
<images/contact.jpg, id=1700, 475.7775pt x 266.9975pt>
File: images/contact.jpg Graphic file (type jpg)
<use images/contact.jpg>
Package pdftex.def Info: images/contact.jpg  used on input line 595.
(pdftex.def)             Requested size: 307.28987pt x 172.45445pt.

Overfull \hbox (6.59941pt too wide) has occurred while \output is active
 [][][][] []  
 []

[45

 <./images/contact.jpg>]
<images/contact2.jpg, id=1735, 383.4325pt x 476.78125pt>
File: images/contact2.jpg Graphic file (type jpg)
<use images/contact2.jpg>
Package pdftex.def Info: images/contact2.jpg  used on input line 609.
(pdftex.def)             Requested size: 195.89868pt x 243.59172pt.

Overfull \hbox (19.91696pt too wide) detected at line 609
[][][] $[]$[][][][][][][][] $[]$[][][][][][] 
 []


Overfull \vbox (42.20468pt too high) detected at line 609
 []


Overfull \hbox (6.59941pt too wide) has occurred while \output is active
 [][][][] []  
 []

[46

 <./images/contact2.jpg>]
<images/contact3.jpg, id=1768, 455.95343pt x 522.20094pt>
File: images/contact3.jpg Graphic file (type jpg)
<use images/contact3.jpg>
Package pdftex.def Info: images/contact3.jpg  used on input line 623.
(pdftex.def)             Requested size: 195.89868pt x 224.36673pt.

Overfull \hbox (19.91696pt too wide) detected at line 623
[][][] $[]$[][][][][][][][] $[]$[][][][][][] 
 []


Overfull \vbox (22.97969pt too high) detected at line 623
 []


Overfull \hbox (6.59941pt too wide) has occurred while \output is active
 [][][][] []  
 []

[47

 <./images/contact3.jpg>]
<images/shone farm wine pouring - vert.png, id=1802, 261.22594pt x 400.49625pt>

File: images/shone farm wine pouring - vert.png Graphic file (type png)
<use images/shone farm wine pouring - vert.png>
Package pdftex.def Info: images/shone farm wine pouring - vert.png  used on inp
ut line 648.
(pdftex.def)             Requested size: 117.5384pt x 180.20331pt.

Overfull \hbox (6.59941pt too wide) has occurred while \output is active
 [][][][] []  
 []

[48

 <./images/shone farm wine pouring - vert.png>]
\tf@nav=\write6
\openout6 = `"DAM 110 - Filters, Blending Modes, Guide Lines, Importing Images,
 and making Contact Sheets.nav"'.

\tf@toc=\write7
\openout7 = `"DAM 110 - Filters, Blending Modes, Guide Lines, Importing Images,
 and making Contact Sheets.toc"'.

\tf@snm=\write8
\openout8 = `"DAM 110 - Filters, Blending Modes, Guide Lines, Importing Images,
 and making Contact Sheets.snm"'.


(DAM 110 - Filters, Blending Modes, Guide Lines, Importing Images, and making C
ontact Sheets.aux)

Package rerunfilecheck Warning: File `"DAM 110 - Filters, Blending Modes, Guide
 Lines, Importing Images, and making Contact Sheets".out' has changed.
(rerunfilecheck)                Rerun to get outlines right
(rerunfilecheck)                or use package `bookmark'.

Package rerunfilecheck Info: Checksums for `"DAM 110 - Filters, Blending Modes,
 Guide Lines, Importing Images, and making Contact Sheets".out':
(rerunfilecheck)             Before: 22063AC88E1BE09C26AAF86A1E97999F;3577
(rerunfilecheck)             After:  2321A7E741746868B9043775FC15392E;3363.
 ) 
Here is how much of TeX's memory you used:
 22640 strings out of 478582
 452305 string characters out of 2844817
 687513 words of memory out of 3000000
 40195 multiletter control sequences out of 15000+600000
 476614 words of font info for 54 fonts, out of 8000000 for 9000
 1141 hyphenation exceptions out of 8191
 128i,19n,122p,601b,719s stack positions out of 10000i,1000n,20000p,200000b,80000s

pdfTeX warning (dest): name{Outline0.6.2.47} has been referenced but does not e
xist, replaced by a fixed one

<C:/Users/Josh/AppData/Local/Programs/MiKTeX/fonts/type1/public/amsfonts/cm/cms
s10.pfb><C:/Users/Josh/AppData/Local/Programs/MiKTeX/fonts/type1/public/amsfont
s/cm/cmss12.pfb><C:/Users/Josh/AppData/Local/Programs/MiKTeX/fonts/type1/public
/amsfonts/cm/cmss8.pfb>
Output written on "DAM 110 - Filters, Blending Modes, Guide Lines, Importing Im
ages, and making Contact Sheets.pdf" (48 pages, 44368195 bytes).
PDF statistics:
 1879 PDF objects out of 2073 (max. 8388607)
 122 named destinations out of 1000 (max. 500000)
 480 words of extra memory for PDF output out of 10000 (max. 10000000)

