This is pdfTeX, Version 3.141592653-2.6-1.40.24 (MiKTeX 22.3) (preloaded format=pdflatex 2022.5.2)  29 AUG 2022 11:19
entering extended mode
 restricted \write18 enabled.
 %&-line parsing enabled.
**"./DAM 110 - Layers, Zoom, Transform, Formats, Export.tex"
(DAM 110 - Layers, Zoom, Transform, Formats, Export.tex
LaTeX2e <2021-11-15> patch level 1
L3 programming layer <2022-02-24>
(C:\Users\Josh\AppData\Local\Programs\MiKTeX\tex/latex/beamer\beamer.cls
Document Class: beamer 2022/02/08 v3.66 A class for typesetting presentations

(C:\Users\Josh\AppData\Local\Programs\MiKTeX\tex/latex/beamer\beamerbasemodes.s
ty (C:\Users\Josh\AppData\Local\Programs\MiKTeX\tex/latex/etoolbox\etoolbox.sty
Package: etoolbox 2020/10/05 v2.5k e-TeX tools for LaTeX (JAW)
\etb@tempcnta=\count185
)
\beamer@tempbox=\box50
\beamer@tempcount=\count186
\c@beamerpauses=\count187

(C:\Users\Josh\AppData\Local\Programs\MiKTeX\tex/latex/beamer\beamerbasedecode.
sty
\beamer@slideinframe=\count188
\beamer@minimum=\count189
\beamer@decode@box=\box51
)
\beamer@commentbox=\box52
\beamer@modecount=\count190
) (C:\Users\Josh\AppData\Local\Programs\MiKTeX\tex/generic/iftex\iftex.sty
Package: iftex 2022/02/03 v1.0f TeX engine tests
)
\headdp=\dimen138
\footheight=\dimen139
\sidebarheight=\dimen140
\beamer@tempdim=\dimen141
\beamer@finalheight=\dimen142
\beamer@animht=\dimen143
\beamer@animdp=\dimen144
\beamer@animwd=\dimen145
\beamer@leftmargin=\dimen146
\beamer@rightmargin=\dimen147
\beamer@leftsidebar=\dimen148
\beamer@rightsidebar=\dimen149
\beamer@boxsize=\dimen150
\beamer@vboxoffset=\dimen151
\beamer@descdefault=\dimen152
\beamer@descriptionwidth=\dimen153
\beamer@lastskip=\skip47
\beamer@areabox=\box53
\beamer@animcurrent=\box54
\beamer@animshowbox=\box55
\beamer@sectionbox=\box56
\beamer@logobox=\box57
\beamer@linebox=\box58
\beamer@sectioncount=\count191
\beamer@subsubsectionmax=\count192
\beamer@subsectionmax=\count193
\beamer@sectionmax=\count194
\beamer@totalheads=\count195
\beamer@headcounter=\count196
\beamer@partstartpage=\count197
\beamer@sectionstartpage=\count198
\beamer@subsectionstartpage=\count199
\beamer@animationtempa=\count266
\beamer@animationtempb=\count267
\beamer@xpos=\count268
\beamer@ypos=\count269
\beamer@ypos@offset=\count270
\beamer@showpartnumber=\count271
\beamer@currentsubsection=\count272
\beamer@coveringdepth=\count273
\beamer@sectionadjust=\count274
\beamer@toclastsection=\count275
\beamer@tocsectionnumber=\count276

(C:\Users\Josh\AppData\Local\Programs\MiKTeX\tex/latex/beamer\beamerbaseoptions
.sty (C:\Users\Josh\AppData\Local\Programs\MiKTeX\tex/latex/graphics\keyval.sty
Package: keyval 2014/10/28 v1.15 key=value parser (DPC)
\KV@toks@=\toks16
))
\beamer@paperwidth=\skip48
\beamer@paperheight=\skip49
 (C:\Users\Josh\AppData\Local\Programs\MiKTeX\tex/latex/geometry\geometry.sty
Package: geometry 2020/01/02 v5.9 Page Geometry
(C:\Users\Josh\AppData\Local\Programs\MiKTeX\tex/generic/iftex\ifvtex.sty
Package: ifvtex 2019/10/25 v1.7 ifvtex legacy package. Use iftex instead.
)
\Gm@cnth=\count277
\Gm@cntv=\count278
\c@Gm@tempcnt=\count279
\Gm@bindingoffset=\dimen154
\Gm@wd@mp=\dimen155
\Gm@odd@mp=\dimen156
\Gm@even@mp=\dimen157
\Gm@layoutwidth=\dimen158
\Gm@layoutheight=\dimen159
\Gm@layouthoffset=\dimen160
\Gm@layoutvoffset=\dimen161
\Gm@dimlist=\toks17

(C:\Users\Josh\AppData\Local\Programs\MiKTeX\tex/latex/geometry\geometry.cfg))
(C:\Users\Josh\AppData\Local\Programs\MiKTeX\tex/latex/pgf/math\pgfmath.sty
(C:\Users\Josh\AppData\Local\Programs\MiKTeX\tex/latex/pgf/utilities\pgfrcs.sty

(C:\Users\Josh\AppData\Local\Programs\MiKTeX\tex/generic/pgf/utilities\pgfutil-
common.tex
\pgfutil@everybye=\toks18
\pgfutil@tempdima=\dimen162
\pgfutil@tempdimb=\dimen163

(C:\Users\Josh\AppData\Local\Programs\MiKTeX\tex/generic/pgf/utilities\pgfutil-
common-lists.tex))
(C:\Users\Josh\AppData\Local\Programs\MiKTeX\tex/generic/pgf/utilities\pgfutil-
latex.def
\pgfutil@abb=\box59
)
(C:\Users\Josh\AppData\Local\Programs\MiKTeX\tex/generic/pgf/utilities\pgfrcs.c
ode.tex
(C:\Users\Josh\AppData\Local\Programs\MiKTeX\tex/generic/pgf\pgf.revision.tex)
Package: pgfrcs 2021/05/15 v3.1.9a (3.1.9a)
))
(C:\Users\Josh\AppData\Local\Programs\MiKTeX\tex/latex/pgf/utilities\pgfkeys.st
y
(C:\Users\Josh\AppData\Local\Programs\MiKTeX\tex/generic/pgf/utilities\pgfkeys.
code.tex
\pgfkeys@pathtoks=\toks19
\pgfkeys@temptoks=\toks20

(C:\Users\Josh\AppData\Local\Programs\MiKTeX\tex/generic/pgf/utilities\pgfkeysf
iltered.code.tex
\pgfkeys@tmptoks=\toks21
)))
(C:\Users\Josh\AppData\Local\Programs\MiKTeX\tex/generic/pgf/math\pgfmath.code.
tex
(C:\Users\Josh\AppData\Local\Programs\MiKTeX\tex/generic/pgf/math\pgfmathcalc.c
ode.tex
(C:\Users\Josh\AppData\Local\Programs\MiKTeX\tex/generic/pgf/math\pgfmathutil.c
ode.tex
\pgf@x=\dimen164
\pgf@xa=\dimen165
\pgf@xb=\dimen166
\pgf@xc=\dimen167
\pgf@y=\dimen168
\pgf@ya=\dimen169
\pgf@yb=\dimen170
\pgf@yc=\dimen171
\c@pgf@counta=\count280
\c@pgf@countb=\count281
\c@pgf@countc=\count282
\c@pgf@countd=\count283
)
(C:\Users\Josh\AppData\Local\Programs\MiKTeX\tex/generic/pgf/math\pgfmathparser
.code.tex
\pgfmath@dimen=\dimen172
\pgfmath@count=\count284
\pgfmath@box=\box60
\pgfmath@toks=\toks22
\pgfmath@stack@operand=\toks23
\pgfmath@stack@operation=\toks24
)
(C:\Users\Josh\AppData\Local\Programs\MiKTeX\tex/generic/pgf/math\pgfmathfuncti
ons.code.tex
(C:\Users\Josh\AppData\Local\Programs\MiKTeX\tex/generic/pgf/math\pgfmathfuncti
ons.basic.code.tex)
(C:\Users\Josh\AppData\Local\Programs\MiKTeX\tex/generic/pgf/math\pgfmathfuncti
ons.trigonometric.code.tex)
(C:\Users\Josh\AppData\Local\Programs\MiKTeX\tex/generic/pgf/math\pgfmathfuncti
ons.random.code.tex)
(C:\Users\Josh\AppData\Local\Programs\MiKTeX\tex/generic/pgf/math\pgfmathfuncti
ons.comparison.code.tex)
(C:\Users\Josh\AppData\Local\Programs\MiKTeX\tex/generic/pgf/math\pgfmathfuncti
ons.base.code.tex)
(C:\Users\Josh\AppData\Local\Programs\MiKTeX\tex/generic/pgf/math\pgfmathfuncti
ons.round.code.tex)
(C:\Users\Josh\AppData\Local\Programs\MiKTeX\tex/generic/pgf/math\pgfmathfuncti
ons.misc.code.tex)
(C:\Users\Josh\AppData\Local\Programs\MiKTeX\tex/generic/pgf/math\pgfmathfuncti
ons.integerarithmetics.code.tex)))
(C:\Users\Josh\AppData\Local\Programs\MiKTeX\tex/generic/pgf/math\pgfmathfloat.
code.tex
\c@pgfmathroundto@lastzeros=\count285
)))
(C:\Users\Josh\AppData\Local\Programs\MiKTeX\tex/latex/base\size11.clo
File: size11.clo 2021/10/04 v1.4n Standard LaTeX file (size option)
)
(C:\Users\Josh\AppData\Local\Programs\MiKTeX\tex/latex/pgf/basiclayer\pgfcore.s
ty (C:\Users\Josh\AppData\Local\Programs\MiKTeX\tex/latex/graphics\graphicx.sty
Package: graphicx 2021/09/16 v1.2d Enhanced LaTeX Graphics (DPC,SPQR)
(C:\Users\Josh\AppData\Local\Programs\MiKTeX\tex/latex/graphics\graphics.sty
Package: graphics 2021/03/04 v1.4d Standard LaTeX Graphics (DPC,SPQR)

(C:\Users\Josh\AppData\Local\Programs\MiKTeX\tex/latex/graphics\trig.sty
Package: trig 2021/08/11 v1.11 sin cos tan (DPC)
)
(C:\Users\Josh\AppData\Local\Programs\MiKTeX\tex/latex/graphics-cfg\graphics.cf
g
File: graphics.cfg 2016/06/04 v1.11 sample graphics configuration
)
Package graphics Info: Driver file: pdftex.def on input line 107.

(C:\Users\Josh\AppData\Local\Programs\MiKTeX\tex/latex/graphics-def\pdftex.def
File: pdftex.def 2020/10/05 v1.2a Graphics/color driver for pdftex
))
\Gin@req@height=\dimen173
\Gin@req@width=\dimen174
)
(C:\Users\Josh\AppData\Local\Programs\MiKTeX\tex/latex/pgf/systemlayer\pgfsys.s
ty
(C:\Users\Josh\AppData\Local\Programs\MiKTeX\tex/generic/pgf/systemlayer\pgfsys
.code.tex
Package: pgfsys 2021/05/15 v3.1.9a (3.1.9a)

(C:\Users\Josh\AppData\Local\Programs\MiKTeX\tex/generic/pgf/utilities\pgfkeys.
code.tex)
\pgf@x=\dimen175
\pgf@y=\dimen176
\pgf@xa=\dimen177
\pgf@ya=\dimen178
\pgf@xb=\dimen179
\pgf@yb=\dimen180
\pgf@xc=\dimen181
\pgf@yc=\dimen182
\pgf@xd=\dimen183
\pgf@yd=\dimen184
\w@pgf@writea=\write3
\r@pgf@reada=\read2
\c@pgf@counta=\count286
\c@pgf@countb=\count287
\c@pgf@countc=\count288
\c@pgf@countd=\count289
\t@pgf@toka=\toks25
\t@pgf@tokb=\toks26
\t@pgf@tokc=\toks27
\pgf@sys@id@count=\count290

(C:\Users\Josh\AppData\Local\Programs\MiKTeX\tex/generic/pgf/systemlayer\pgf.cf
g
File: pgf.cfg 2021/05/15 v3.1.9a (3.1.9a)
)
Driver file for pgf: pgfsys-pdftex.def

(C:\Users\Josh\AppData\Local\Programs\MiKTeX\tex/generic/pgf/systemlayer\pgfsys
-pdftex.def
File: pgfsys-pdftex.def 2021/05/15 v3.1.9a (3.1.9a)

(C:\Users\Josh\AppData\Local\Programs\MiKTeX\tex/generic/pgf/systemlayer\pgfsys
-common-pdf.def
File: pgfsys-common-pdf.def 2021/05/15 v3.1.9a (3.1.9a)
)))
(C:\Users\Josh\AppData\Local\Programs\MiKTeX\tex/generic/pgf/systemlayer\pgfsys
softpath.code.tex
File: pgfsyssoftpath.code.tex 2021/05/15 v3.1.9a (3.1.9a)
\pgfsyssoftpath@smallbuffer@items=\count291
\pgfsyssoftpath@bigbuffer@items=\count292
)
(C:\Users\Josh\AppData\Local\Programs\MiKTeX\tex/generic/pgf/systemlayer\pgfsys
protocol.code.tex
File: pgfsysprotocol.code.tex 2021/05/15 v3.1.9a (3.1.9a)
))
(C:\Users\Josh\AppData\Local\Programs\MiKTeX\tex/latex/xcolor\xcolor.sty
Package: xcolor 2021/10/31 v2.13 LaTeX color extensions (UK)

(C:\Users\Josh\AppData\Local\Programs\MiKTeX\tex/latex/graphics-cfg\color.cfg
File: color.cfg 2016/01/02 v1.6 sample color configuration
)
Package xcolor Info: Driver file: pdftex.def on input line 227.
Package xcolor Info: Model `cmy' substituted by `cmy0' on input line 1352.
Package xcolor Info: Model `hsb' substituted by `rgb' on input line 1356.
Package xcolor Info: Model `RGB' extended on input line 1368.
Package xcolor Info: Model `HTML' substituted by `rgb' on input line 1370.
Package xcolor Info: Model `Hsb' substituted by `hsb' on input line 1371.
Package xcolor Info: Model `tHsb' substituted by `hsb' on input line 1372.
Package xcolor Info: Model `HSB' substituted by `hsb' on input line 1373.
Package xcolor Info: Model `Gray' substituted by `gray' on input line 1374.
Package xcolor Info: Model `wave' substituted by `hsb' on input line 1375.
)
(C:\Users\Josh\AppData\Local\Programs\MiKTeX\tex/generic/pgf/basiclayer\pgfcore
.code.tex
Package: pgfcore 2021/05/15 v3.1.9a (3.1.9a)

(C:\Users\Josh\AppData\Local\Programs\MiKTeX\tex/generic/pgf/math\pgfmath.code.
tex)
(C:\Users\Josh\AppData\Local\Programs\MiKTeX\tex/generic/pgf/math\pgfint.code.t
ex)
(C:\Users\Josh\AppData\Local\Programs\MiKTeX\tex/generic/pgf/basiclayer\pgfcore
points.code.tex
File: pgfcorepoints.code.tex 2021/05/15 v3.1.9a (3.1.9a)
\pgf@picminx=\dimen185
\pgf@picmaxx=\dimen186
\pgf@picminy=\dimen187
\pgf@picmaxy=\dimen188
\pgf@pathminx=\dimen189
\pgf@pathmaxx=\dimen190
\pgf@pathminy=\dimen191
\pgf@pathmaxy=\dimen192
\pgf@xx=\dimen193
\pgf@xy=\dimen194
\pgf@yx=\dimen195
\pgf@yy=\dimen196
\pgf@zx=\dimen197
\pgf@zy=\dimen198
)
(C:\Users\Josh\AppData\Local\Programs\MiKTeX\tex/generic/pgf/basiclayer\pgfcore
pathconstruct.code.tex
File: pgfcorepathconstruct.code.tex 2021/05/15 v3.1.9a (3.1.9a)
\pgf@path@lastx=\dimen199
\pgf@path@lasty=\dimen256
)
(C:\Users\Josh\AppData\Local\Programs\MiKTeX\tex/generic/pgf/basiclayer\pgfcore
pathusage.code.tex
File: pgfcorepathusage.code.tex 2021/05/15 v3.1.9a (3.1.9a)
\pgf@shorten@end@additional=\dimen257
\pgf@shorten@start@additional=\dimen258
)
(C:\Users\Josh\AppData\Local\Programs\MiKTeX\tex/generic/pgf/basiclayer\pgfcore
scopes.code.tex
File: pgfcorescopes.code.tex 2021/05/15 v3.1.9a (3.1.9a)
\pgfpic=\box61
\pgf@hbox=\box62
\pgf@layerbox@main=\box63
\pgf@picture@serial@count=\count293
)
(C:\Users\Josh\AppData\Local\Programs\MiKTeX\tex/generic/pgf/basiclayer\pgfcore
graphicstate.code.tex
File: pgfcoregraphicstate.code.tex 2021/05/15 v3.1.9a (3.1.9a)
\pgflinewidth=\dimen259
)
(C:\Users\Josh\AppData\Local\Programs\MiKTeX\tex/generic/pgf/basiclayer\pgfcore
transformations.code.tex
File: pgfcoretransformations.code.tex 2021/05/15 v3.1.9a (3.1.9a)
\pgf@pt@x=\dimen260
\pgf@pt@y=\dimen261
\pgf@pt@temp=\dimen262
)
(C:\Users\Josh\AppData\Local\Programs\MiKTeX\tex/generic/pgf/basiclayer\pgfcore
quick.code.tex
File: pgfcorequick.code.tex 2021/05/15 v3.1.9a (3.1.9a)
)
(C:\Users\Josh\AppData\Local\Programs\MiKTeX\tex/generic/pgf/basiclayer\pgfcore
objects.code.tex
File: pgfcoreobjects.code.tex 2021/05/15 v3.1.9a (3.1.9a)
)
(C:\Users\Josh\AppData\Local\Programs\MiKTeX\tex/generic/pgf/basiclayer\pgfcore
pathprocessing.code.tex
File: pgfcorepathprocessing.code.tex 2021/05/15 v3.1.9a (3.1.9a)
)
(C:\Users\Josh\AppData\Local\Programs\MiKTeX\tex/generic/pgf/basiclayer\pgfcore
arrows.code.tex
File: pgfcorearrows.code.tex 2021/05/15 v3.1.9a (3.1.9a)
\pgfarrowsep=\dimen263
)
(C:\Users\Josh\AppData\Local\Programs\MiKTeX\tex/generic/pgf/basiclayer\pgfcore
shade.code.tex
File: pgfcoreshade.code.tex 2021/05/15 v3.1.9a (3.1.9a)
\pgf@max=\dimen264
\pgf@sys@shading@range@num=\count294
\pgf@shadingcount=\count295
)
(C:\Users\Josh\AppData\Local\Programs\MiKTeX\tex/generic/pgf/basiclayer\pgfcore
image.code.tex
File: pgfcoreimage.code.tex 2021/05/15 v3.1.9a (3.1.9a)

(C:\Users\Josh\AppData\Local\Programs\MiKTeX\tex/generic/pgf/basiclayer\pgfcore
external.code.tex
File: pgfcoreexternal.code.tex 2021/05/15 v3.1.9a (3.1.9a)
\pgfexternal@startupbox=\box64
))
(C:\Users\Josh\AppData\Local\Programs\MiKTeX\tex/generic/pgf/basiclayer\pgfcore
layers.code.tex
File: pgfcorelayers.code.tex 2021/05/15 v3.1.9a (3.1.9a)
)
(C:\Users\Josh\AppData\Local\Programs\MiKTeX\tex/generic/pgf/basiclayer\pgfcore
transparency.code.tex
File: pgfcoretransparency.code.tex 2021/05/15 v3.1.9a (3.1.9a)
)
(C:\Users\Josh\AppData\Local\Programs\MiKTeX\tex/generic/pgf/basiclayer\pgfcore
patterns.code.tex
File: pgfcorepatterns.code.tex 2021/05/15 v3.1.9a (3.1.9a)
)
(C:\Users\Josh\AppData\Local\Programs\MiKTeX\tex/generic/pgf/basiclayer\pgfcore
rdf.code.tex
File: pgfcorerdf.code.tex 2021/05/15 v3.1.9a (3.1.9a)
)))
(C:\Users\Josh\AppData\Local\Programs\MiKTeX\tex/latex/pgf/utilities\xxcolor.st
y
Package: xxcolor 2003/10/24 ver 0.1
\XC@nummixins=\count296
\XC@countmixins=\count297
) (C:\Users\Josh\AppData\Local\Programs\MiKTeX\tex/latex/base\atbegshi-ltx.sty
Package: atbegshi-ltx 2021/01/10 v1.0c Emulation of the original atbegshi
package with kernel methods
) (C:\Users\Josh\AppData\Local\Programs\MiKTeX\tex/latex/hyperref\hyperref.sty
Package: hyperref 2022-02-21 v7.00n Hypertext links for LaTeX

(C:\Users\Josh\AppData\Local\Programs\MiKTeX\tex/generic/ltxcmds\ltxcmds.sty
Package: ltxcmds 2020-05-10 v1.25 LaTeX kernel commands for general use (HO)
)
(C:\Users\Josh\AppData\Local\Programs\MiKTeX\tex/generic/pdftexcmds\pdftexcmds.
sty
Package: pdftexcmds 2020-06-27 v0.33 Utility functions of pdfTeX for LuaTeX (HO
)

(C:\Users\Josh\AppData\Local\Programs\MiKTeX\tex/generic/infwarerr\infwarerr.st
y
Package: infwarerr 2019/12/03 v1.5 Providing info/warning/error messages (HO)
)
Package pdftexcmds Info: \pdf@primitive is available.
Package pdftexcmds Info: \pdf@ifprimitive is available.
Package pdftexcmds Info: \pdfdraftmode found.
)
(C:\Users\Josh\AppData\Local\Programs\MiKTeX\tex/generic/kvsetkeys\kvsetkeys.st
y
Package: kvsetkeys 2019/12/15 v1.18 Key value parser (HO)
)
(C:\Users\Josh\AppData\Local\Programs\MiKTeX\tex/generic/kvdefinekeys\kvdefinek
eys.sty
Package: kvdefinekeys 2019-12-19 v1.6 Define keys (HO)
)
(C:\Users\Josh\AppData\Local\Programs\MiKTeX\tex/generic/pdfescape\pdfescape.st
y
Package: pdfescape 2019/12/09 v1.15 Implements pdfTeX's escape features (HO)
) (C:\Users\Josh\AppData\Local\Programs\MiKTeX\tex/latex/hycolor\hycolor.sty
Package: hycolor 2020-01-27 v1.10 Color options for hyperref/bookmark (HO)
)
(C:\Users\Josh\AppData\Local\Programs\MiKTeX\tex/latex/letltxmacro\letltxmacro.
sty
Package: letltxmacro 2019/12/03 v1.6 Let assignment for LaTeX macros (HO)
) (C:\Users\Josh\AppData\Local\Programs\MiKTeX\tex/latex/auxhook\auxhook.sty
Package: auxhook 2019-12-17 v1.6 Hooks for auxiliary files (HO)
)
(C:\Users\Josh\AppData\Local\Programs\MiKTeX\tex/latex/kvoptions\kvoptions.sty
Package: kvoptions 2020-10-07 v3.14 Key value format for package options (HO)
)
\@linkdim=\dimen265
\Hy@linkcounter=\count298
\Hy@pagecounter=\count299
(C:\Users\Josh\AppData\Local\Programs\MiKTeX\tex/latex/hyperref\pd1enc.def
File: pd1enc.def 2022-02-21 v7.00n Hyperref: PDFDocEncoding definition (HO)
Now handling font encoding PD1 ...
... no UTF-8 mapping file for font encoding PD1
)
(C:\Users\Josh\AppData\Local\Programs\MiKTeX\tex/generic/intcalc\intcalc.sty
Package: intcalc 2019/12/15 v1.3 Expandable calculations with integers (HO)
)
(C:\Users\Josh\AppData\Local\Programs\MiKTeX\tex/generic/etexcmds\etexcmds.sty
Package: etexcmds 2019/12/15 v1.7 Avoid name clashes with e-TeX commands (HO)
)
\Hy@SavedSpaceFactor=\count300
(C:\Users\Josh\AppData\Local\Programs\MiKTeX\tex/latex/hyperref\puenc.def
File: puenc.def 2022-02-21 v7.00n Hyperref: PDF Unicode definition (HO)
Now handling font encoding PU ...
... no UTF-8 mapping file for font encoding PU
)
Package hyperref Info: Option `bookmarks' set `true' on input line 4018.
Package hyperref Info: Option `bookmarksopen' set `true' on input line 4018.
Package hyperref Info: Option `implicit' set `false' on input line 4018.
Package hyperref Info: Hyper figures OFF on input line 4137.
Package hyperref Info: Link nesting OFF on input line 4142.
Package hyperref Info: Hyper index ON on input line 4145.
Package hyperref Info: Plain pages OFF on input line 4152.
Package hyperref Info: Backreferencing OFF on input line 4157.
Package hyperref Info: Implicit mode OFF; no redefinition of LaTeX internals.
Package hyperref Info: Bookmarks ON on input line 4390.
\c@Hy@tempcnt=\count301

(C:\Users\Josh\AppData\Local\Programs\MiKTeX\tex/latex/url\url.sty
\Urlmuskip=\muskip16
Package: url 2013/09/16  ver 3.4  Verb mode for urls, etc.
)
LaTeX Info: Redefining \url on input line 4749.
\XeTeXLinkMargin=\dimen266

(C:\Users\Josh\AppData\Local\Programs\MiKTeX\tex/generic/bitset\bitset.sty
Package: bitset 2019/12/09 v1.3 Handle bit-vector datatype (HO)

(C:\Users\Josh\AppData\Local\Programs\MiKTeX\tex/generic/bigintcalc\bigintcalc.
sty
Package: bigintcalc 2019/12/15 v1.5 Expandable calculations on big integers (HO
)
))
\Fld@menulength=\count302
\Field@Width=\dimen267
\Fld@charsize=\dimen268
Package hyperref Info: Hyper figures OFF on input line 6027.
Package hyperref Info: Link nesting OFF on input line 6032.
Package hyperref Info: Hyper index ON on input line 6035.
Package hyperref Info: backreferencing OFF on input line 6042.
Package hyperref Info: Link coloring OFF on input line 6047.
Package hyperref Info: Link coloring with OCG OFF on input line 6052.
Package hyperref Info: PDF/A mode OFF on input line 6057.
LaTeX Info: Redefining \ref on input line 6097.
LaTeX Info: Redefining \pageref on input line 6101.
\Hy@abspage=\count303


Package hyperref Message: Stopped early.

)
Package hyperref Info: Driver (autodetected): hpdftex.
 (C:\Users\Josh\AppData\Local\Programs\MiKTeX\tex/latex/hyperref\hpdftex.def
File: hpdftex.def 2022-02-21 v7.00n Hyperref driver for pdfTeX

(C:\Users\Josh\AppData\Local\Programs\MiKTeX\tex/latex/base\atveryend-ltx.sty
Package: atveryend-ltx 2020/08/19 v1.0a Emulation of the original atveryend pac
kage
with kernel methods
)
\Fld@listcount=\count304
\c@bookmark@seq@number=\count305

(C:\Users\Josh\AppData\Local\Programs\MiKTeX\tex/latex/rerunfilecheck\rerunfile
check.sty
Package: rerunfilecheck 2019/12/05 v1.9 Rerun checks for auxiliary files (HO)

(C:\Users\Josh\AppData\Local\Programs\MiKTeX\tex/generic/uniquecounter\uniqueco
unter.sty
Package: uniquecounter 2019/12/15 v1.4 Provide unlimited unique counter (HO)
)
Package uniquecounter Info: New unique counter `rerunfilecheck' on input line 2
86.
))
(C:\Users\Josh\AppData\Local\Programs\MiKTeX\tex/latex/beamer\beamerbaserequire
s.sty
(C:\Users\Josh\AppData\Local\Programs\MiKTeX\tex/latex/beamer\beamerbasecompati
bility.sty)
(C:\Users\Josh\AppData\Local\Programs\MiKTeX\tex/latex/beamer\beamerbasefont.st
y (C:\Users\Josh\AppData\Local\Programs\MiKTeX\tex/latex/amsfonts\amssymb.sty
Package: amssymb 2013/01/14 v3.01 AMS font symbols

(C:\Users\Josh\AppData\Local\Programs\MiKTeX\tex/latex/amsfonts\amsfonts.sty
Package: amsfonts 2013/01/14 v3.01 Basic AMSFonts support
\@emptytoks=\toks28
\symAMSa=\mathgroup4
\symAMSb=\mathgroup5
LaTeX Font Info:    Redeclaring math symbol \hbar on input line 98.
LaTeX Font Info:    Overwriting math alphabet `\mathfrak' in version `bold'
(Font)                  U/euf/m/n --> U/euf/b/n on input line 106.
))
(C:\Users\Josh\AppData\Local\Programs\MiKTeX\tex/latex/sansmathaccent\sansmatha
ccent.sty
Package: sansmathaccent 2020/01/31

(C:\Users\Josh\AppData\Local\Programs\MiKTeX\tex/latex/koma-script\scrlfile.sty
Package: scrlfile 2021/11/13 v3.35 KOMA-Script package (file load hooks)

(C:\Users\Josh\AppData\Local\Programs\MiKTeX\tex/latex/koma-script\scrlfile-hoo
k.sty
Package: scrlfile-hook 2021/11/13 v3.35 KOMA-Script package (using LaTeX hooks)


(C:\Users\Josh\AppData\Local\Programs\MiKTeX\tex/latex/koma-script\scrlogo.sty
Package: scrlogo 2021/11/13 v3.35 KOMA-Script package (logo)
)))))
(C:\Users\Josh\AppData\Local\Programs\MiKTeX\tex/latex/beamer\beamerbasetransla
tor.sty
(C:\Users\Josh\AppData\Local\Programs\MiKTeX\tex/latex/translator\translator.st
y
Package: translator 2021-05-31 v1.12d Easy translation of strings in LaTeX
))
(C:\Users\Josh\AppData\Local\Programs\MiKTeX\tex/latex/beamer\beamerbasemisc.st
y)
(C:\Users\Josh\AppData\Local\Programs\MiKTeX\tex/latex/beamer\beamerbasetwoscre
ens.sty)
(C:\Users\Josh\AppData\Local\Programs\MiKTeX\tex/latex/beamer\beamerbaseoverlay
.sty
\beamer@argscount=\count306
\beamer@lastskipcover=\skip50
\beamer@trivlistdepth=\count307
)
(C:\Users\Josh\AppData\Local\Programs\MiKTeX\tex/latex/beamer\beamerbasetitle.s
ty)
(C:\Users\Josh\AppData\Local\Programs\MiKTeX\tex/latex/beamer\beamerbasesection
.sty
\c@lecture=\count308
\c@part=\count309
\c@section=\count310
\c@subsection=\count311
\c@subsubsection=\count312
)
(C:\Users\Josh\AppData\Local\Programs\MiKTeX\tex/latex/beamer\beamerbaseframe.s
ty
\beamer@framebox=\box65
\beamer@frametitlebox=\box66
\beamer@zoombox=\box67
\beamer@zoomcount=\count313
\beamer@zoomframecount=\count314
\beamer@frametextheight=\dimen269
\c@subsectionslide=\count315
\beamer@frametopskip=\skip51
\beamer@framebottomskip=\skip52
\beamer@frametopskipautobreak=\skip53
\beamer@framebottomskipautobreak=\skip54
\beamer@envbody=\toks29
\framewidth=\dimen270
\c@framenumber=\count316
)
(C:\Users\Josh\AppData\Local\Programs\MiKTeX\tex/latex/beamer\beamerbaseverbati
m.sty
\beamer@verbatimfileout=\write4
)
(C:\Users\Josh\AppData\Local\Programs\MiKTeX\tex/latex/beamer\beamerbaseframesi
ze.sty
\beamer@splitbox=\box68
\beamer@autobreakcount=\count317
\beamer@autobreaklastheight=\dimen271
\beamer@frametitletoks=\toks30
\beamer@framesubtitletoks=\toks31
)
(C:\Users\Josh\AppData\Local\Programs\MiKTeX\tex/latex/beamer\beamerbaseframeco
mponents.sty
\beamer@footins=\box69
)
(C:\Users\Josh\AppData\Local\Programs\MiKTeX\tex/latex/beamer\beamerbasecolor.s
ty)
(C:\Users\Josh\AppData\Local\Programs\MiKTeX\tex/latex/beamer\beamerbasenotes.s
ty
\beamer@frameboxcopy=\box70
)
(C:\Users\Josh\AppData\Local\Programs\MiKTeX\tex/latex/beamer\beamerbasetoc.sty
)
(C:\Users\Josh\AppData\Local\Programs\MiKTeX\tex/latex/beamer\beamerbasetemplat
es.sty
\beamer@sbttoks=\toks32

(C:\Users\Josh\AppData\Local\Programs\MiKTeX\tex/latex/beamer\beamerbaseauxtemp
lates.sty
(C:\Users\Josh\AppData\Local\Programs\MiKTeX\tex/latex/beamer\beamerbaseboxes.s
ty
\bmb@box=\box71
\bmb@colorbox=\box72
\bmb@boxwidth=\dimen272
\bmb@boxheight=\dimen273
\bmb@prevheight=\dimen274
\bmb@temp=\dimen275
\bmb@dima=\dimen276
\bmb@dimb=\dimen277
\bmb@prevheight=\dimen278
)
\beamer@blockheadheight=\dimen279
))
(C:\Users\Josh\AppData\Local\Programs\MiKTeX\tex/latex/beamer\beamerbaselocalst
ructure.sty
(C:\Users\Josh\AppData\Local\Programs\MiKTeX\tex/latex/tools\enumerate.sty
Package: enumerate 2015/07/23 v3.00 enumerate extensions (DPC)
\@enLab=\toks33
)
\beamer@bibiconwidth=\skip55
\c@figure=\count318
\c@table=\count319
\abovecaptionskip=\skip56
\belowcaptionskip=\skip57
)
(C:\Users\Josh\AppData\Local\Programs\MiKTeX\tex/latex/beamer\beamerbasenavigat
ion.sty
\beamer@section@min@dim=\dimen280
)
(C:\Users\Josh\AppData\Local\Programs\MiKTeX\tex/latex/beamer\beamerbasetheorem
s.sty
(C:\Users\Josh\AppData\Local\Programs\MiKTeX\tex/latex/amsmath\amsmath.sty
Package: amsmath 2021/10/15 v2.17l AMS math features
\@mathmargin=\skip58

For additional information on amsmath, use the `?' option.
(C:\Users\Josh\AppData\Local\Programs\MiKTeX\tex/latex/amsmath\amstext.sty
Package: amstext 2021/08/26 v2.01 AMS text

(C:\Users\Josh\AppData\Local\Programs\MiKTeX\tex/latex/amsmath\amsgen.sty
File: amsgen.sty 1999/11/30 v2.0 generic functions
\@emptytoks=\toks34
\ex@=\dimen281
))
(C:\Users\Josh\AppData\Local\Programs\MiKTeX\tex/latex/amsmath\amsbsy.sty
Package: amsbsy 1999/11/29 v1.2d Bold Symbols
\pmbraise@=\dimen282
)
(C:\Users\Josh\AppData\Local\Programs\MiKTeX\tex/latex/amsmath\amsopn.sty
Package: amsopn 2021/08/26 v2.02 operator names
)
\inf@bad=\count320
LaTeX Info: Redefining \frac on input line 234.
\uproot@=\count321
\leftroot@=\count322
LaTeX Info: Redefining \overline on input line 399.
\classnum@=\count323
\DOTSCASE@=\count324
LaTeX Info: Redefining \ldots on input line 496.
LaTeX Info: Redefining \dots on input line 499.
LaTeX Info: Redefining \cdots on input line 620.
\Mathstrutbox@=\box73
\strutbox@=\box74
\big@size=\dimen283
LaTeX Font Info:    Redeclaring font encoding OML on input line 743.
LaTeX Font Info:    Redeclaring font encoding OMS on input line 744.
\macc@depth=\count325
\c@MaxMatrixCols=\count326
\dotsspace@=\muskip17
\c@parentequation=\count327
\dspbrk@lvl=\count328
\tag@help=\toks35
\row@=\count329
\column@=\count330
\maxfields@=\count331
\andhelp@=\toks36
\eqnshift@=\dimen284
\alignsep@=\dimen285
\tagshift@=\dimen286
\tagwidth@=\dimen287
\totwidth@=\dimen288
\lineht@=\dimen289
\@envbody=\toks37
\multlinegap=\skip59
\multlinetaggap=\skip60
\mathdisplay@stack=\toks38
LaTeX Info: Redefining \[ on input line 2938.
LaTeX Info: Redefining \] on input line 2939.
)
(C:\Users\Josh\AppData\Local\Programs\MiKTeX\tex/latex/amscls\amsthm.sty
Package: amsthm 2020/05/29 v2.20.6
\thm@style=\toks39
\thm@bodyfont=\toks40
\thm@headfont=\toks41
\thm@notefont=\toks42
\thm@headpunct=\toks43
\thm@preskip=\skip61
\thm@postskip=\skip62
\thm@headsep=\skip63
\dth@everypar=\toks44
)
\c@theorem=\count332
)
(C:\Users\Josh\AppData\Local\Programs\MiKTeX\tex/latex/beamer\beamerbasethemes.
sty))
(C:\Users\Josh\AppData\Local\Programs\MiKTeX\tex/latex/beamer\beamerthemedefaul
t.sty
(C:\Users\Josh\AppData\Local\Programs\MiKTeX\tex/latex/beamer\beamerfontthemede
fault.sty)
(C:\Users\Josh\AppData\Local\Programs\MiKTeX\tex/latex/beamer\beamercolorthemed
efault.sty)
(C:\Users\Josh\AppData\Local\Programs\MiKTeX\tex/latex/beamer\beamerinnerthemed
efault.sty
\beamer@dima=\dimen290
\beamer@dimb=\dimen291
)
(C:\Users\Josh\AppData\Local\Programs\MiKTeX\tex/latex/beamer\beamerouterthemed
efault.sty)))
(C:\Users\Josh\AppData\Local\Programs\MiKTeX\tex/latex/paralist\paralist.sty
Package: paralist 2017/01/22 v2.7 Extended list environments
\pltopsep=\skip64
\plpartopsep=\skip65
\plitemsep=\skip66
\plparsep=\skip67
\pl@lab=\toks45
)
(C:\Users\Josh\AppData\Local\Programs\MiKTeX\tex/latex/outlines\outlines.sty
Package: outlines 2012/1/23 1.1 Ch. Pecheur

(C:\Users\Josh\AppData\Local\Programs\MiKTeX\tex/latex/base\ifthen.sty
Package: ifthen 2020/11/24 v1.1c Standard LaTeX ifthen package (DPC)
))
(C:\Users\Josh\AppData\Local\Programs\MiKTeX\tex/latex/beamer\beamerthemeWarsaw
.sty
(C:\Users\Josh\AppData\Local\Programs\MiKTeX\tex/latex/beamer\beamerinnerthemer
ounded.sty)
(C:\Users\Josh\AppData\Local\Programs\MiKTeX\tex/latex/beamer\beamerouterthemes
hadow.sty
(C:\Users\Josh\AppData\Local\Programs\MiKTeX\tex/latex/beamer\beamerouterthemes
plit.sty))
(C:\Users\Josh\AppData\Local\Programs\MiKTeX\tex/latex/beamer\beamercolorthemeo
rchid.sty)
(C:\Users\Josh\AppData\Local\Programs\MiKTeX\tex/latex/beamer\beamercolorthemew
hale.sty))
(C:\Users\Josh\AppData\Local\Programs\MiKTeX\tex/latex/beamer\beamerpatchparali
st.sty)
(C:\Users\Josh\AppData\Local\Programs\MiKTeX\tex/latex/l3backend\l3backend-pdft
ex.def
File: l3backend-pdftex.def 2022-02-07 L3 backend support: PDF output (pdfTeX)
\l__color_backend_stack_int=\count333
\l__pdf_internal_box=\box75
) (DAM 110 - Layers, Zoom, Transform, Formats, Export.aux)
\openout1 = `"DAM 110 - Layers, Zoom, Transform, Formats, Export.aux"'.

LaTeX Font Info:    Checking defaults for OML/cmm/m/it on input line 26.
LaTeX Font Info:    ... okay on input line 26.
LaTeX Font Info:    Checking defaults for OMS/cmsy/m/n on input line 26.
LaTeX Font Info:    ... okay on input line 26.
LaTeX Font Info:    Checking defaults for OT1/cmr/m/n on input line 26.
LaTeX Font Info:    ... okay on input line 26.
LaTeX Font Info:    Checking defaults for T1/cmr/m/n on input line 26.
LaTeX Font Info:    ... okay on input line 26.
LaTeX Font Info:    Checking defaults for TS1/cmr/m/n on input line 26.
LaTeX Font Info:    ... okay on input line 26.
LaTeX Font Info:    Checking defaults for OMX/cmex/m/n on input line 26.
LaTeX Font Info:    ... okay on input line 26.
LaTeX Font Info:    Checking defaults for U/cmr/m/n on input line 26.
LaTeX Font Info:    ... okay on input line 26.
LaTeX Font Info:    Checking defaults for PD1/pdf/m/n on input line 26.
LaTeX Font Info:    ... okay on input line 26.
LaTeX Font Info:    Checking defaults for PU/pdf/m/n on input line 26.
LaTeX Font Info:    ... okay on input line 26.

*geometry* driver: auto-detecting
*geometry* detected driver: pdftex
*geometry* verbose mode - [ preamble ] result:
* driver: pdftex
* paper: custom
* layout: <same size as paper>
* layoutoffset:(h,v)=(0.0pt,0.0pt)
* modes: includehead includefoot 
* h-part:(L,W,R)=(28.45274pt, 307.28987pt, 28.45274pt)
* v-part:(T,H,B)=(0.0pt, 273.14662pt, 0.0pt)
* \paperwidth=364.19536pt
* \paperheight=273.14662pt
* \textwidth=307.28987pt
* \textheight=244.6939pt
* \oddsidemargin=-43.81725pt
* \evensidemargin=-43.81725pt
* \topmargin=-72.26999pt
* \headheight=14.22636pt
* \headsep=0.0pt
* \topskip=11.0pt
* \footskip=14.22636pt
* \marginparwidth=4.0pt
* \marginparsep=10.0pt
* \columnsep=10.0pt
* \skip\footins=10.0pt plus 4.0pt minus 2.0pt
* \hoffset=0.0pt
* \voffset=0.0pt
* \mag=1000
* \@twocolumnfalse
* \@twosidefalse
* \@mparswitchfalse
* \@reversemarginfalse
* (1in=72.27pt=25.4mm, 1cm=28.453pt)


(C:\Users\Josh\AppData\Local\Programs\MiKTeX\tex/context/base/mkii\supp-pdf.mki
i
[Loading MPS to PDF converter (version 2006.09.02).]
\scratchcounter=\count334
\scratchdimen=\dimen292
\scratchbox=\box76
\nofMPsegments=\count335
\nofMParguments=\count336
\everyMPshowfont=\toks46
\MPscratchCnt=\count337
\MPscratchDim=\dimen293
\MPnumerator=\count338
\makeMPintoPDFobject=\count339
\everyMPtoPDFconversion=\toks47
)
(C:\Users\Josh\AppData\Local\Programs\MiKTeX\tex/latex/epstopdf-pkg\epstopdf-ba
se.sty
Package: epstopdf-base 2020-01-24 v2.11 Base part for package epstopdf
Package epstopdf-base Info: Redefining graphics rule for `.eps' on input line 4
85.

(C:\Users\Josh\AppData\Local\Programs\MiKTeX\tex/latex/00miktex\epstopdf-sys.cf
g
File: epstopdf-sys.cfg 2021/03/18 v2.0 Configuration of epstopdf for MiKTeX
))
Package hyperref Info: Link coloring OFF on input line 26.
 (C:\Users\Josh\AppData\Local\Programs\MiKTeX\tex/latex/hyperref\nameref.sty
Package: nameref 2021-04-02 v2.47 Cross-referencing by name of section
(C:\Users\Josh\AppData\Local\Programs\MiKTeX\tex/latex/refcount\refcount.sty
Package: refcount 2019/12/15 v3.6 Data extraction from label references (HO)
)
(C:\Users\Josh\AppData\Local\Programs\MiKTeX\tex/generic/gettitlestring\gettitl
estring.sty
Package: gettitlestring 2019/12/15 v1.6 Cleanup title references (HO)
)
\c@section@level=\count340
)
LaTeX Info: Redefining \ref on input line 26.
LaTeX Info: Redefining \pageref on input line 26.
LaTeX Info: Redefining \nameref on input line 26.
 (DAM 110 - Layers, Zoom, Transform, Formats, Export.out)
(DAM 110 - Layers, Zoom, Transform, Formats, Export.out)
\@outlinefile=\write5
\openout5 = `"DAM 110 - Layers, Zoom, Transform, Formats, Export.out"'.

LaTeX Font Info:    Overwriting symbol font `operators' in version `normal'
(Font)                  OT1/cmr/m/n --> OT1/cmss/m/n on input line 26.
LaTeX Font Info:    Overwriting symbol font `operators' in version `bold'
(Font)                  OT1/cmr/bx/n --> OT1/cmss/b/n on input line 26.
\symnumbers=\mathgroup6
\sympureletters=\mathgroup7
LaTeX Font Info:    Overwriting math alphabet `\mathrm' in version `normal'
(Font)                  OT1/cmss/m/n --> OT1/cmr/m/n on input line 26.
LaTeX Font Info:    Redeclaring math alphabet \mathbf on input line 26.
LaTeX Font Info:    Overwriting math alphabet `\mathbf' in version `normal'
(Font)                  OT1/cmr/bx/n --> OT1/cmss/b/n on input line 26.
LaTeX Font Info:    Overwriting math alphabet `\mathbf' in version `bold'
(Font)                  OT1/cmr/bx/n --> OT1/cmss/b/n on input line 26.
LaTeX Font Info:    Redeclaring math alphabet \mathsf on input line 26.
LaTeX Font Info:    Overwriting math alphabet `\mathsf' in version `normal'
(Font)                  OT1/cmss/m/n --> OT1/cmss/m/n on input line 26.
LaTeX Font Info:    Overwriting math alphabet `\mathsf' in version `bold'
(Font)                  OT1/cmss/bx/n --> OT1/cmss/m/n on input line 26.
LaTeX Font Info:    Redeclaring math alphabet \mathit on input line 26.
LaTeX Font Info:    Overwriting math alphabet `\mathit' in version `normal'
(Font)                  OT1/cmr/m/it --> OT1/cmss/m/it on input line 26.
LaTeX Font Info:    Overwriting math alphabet `\mathit' in version `bold'
(Font)                  OT1/cmr/bx/it --> OT1/cmss/m/it on input line 26.
LaTeX Font Info:    Redeclaring math alphabet \mathtt on input line 26.
LaTeX Font Info:    Overwriting math alphabet `\mathtt' in version `normal'
(Font)                  OT1/cmtt/m/n --> OT1/cmtt/m/n on input line 26.
LaTeX Font Info:    Overwriting math alphabet `\mathtt' in version `bold'
(Font)                  OT1/cmtt/m/n --> OT1/cmtt/m/n on input line 26.
LaTeX Font Info:    Overwriting symbol font `numbers' in version `bold'
(Font)                  OT1/cmss/m/n --> OT1/cmss/b/n on input line 26.
LaTeX Font Info:    Overwriting symbol font `pureletters' in version `bold'
(Font)                  OT1/cmss/m/it --> OT1/cmss/b/it on input line 26.
LaTeX Font Info:    Overwriting math alphabet `\mathrm' in version `bold'
(Font)                  OT1/cmss/b/n --> OT1/cmr/b/n on input line 26.
LaTeX Font Info:    Overwriting math alphabet `\mathbf' in version `bold'
(Font)                  OT1/cmss/b/n --> OT1/cmss/b/n on input line 26.
LaTeX Font Info:    Overwriting math alphabet `\mathsf' in version `bold'
(Font)                  OT1/cmss/m/n --> OT1/cmss/b/n on input line 26.
LaTeX Font Info:    Overwriting math alphabet `\mathit' in version `bold'
(Font)                  OT1/cmss/m/it --> OT1/cmss/b/it on input line 26.
LaTeX Font Info:    Overwriting math alphabet `\mathtt' in version `bold'
(Font)                  OT1/cmtt/m/n --> OT1/cmtt/b/n on input line 26.
LaTeX Font Info:    Redeclaring symbol font `pureletters' on input line 26.
LaTeX Font Info:    Overwriting symbol font `pureletters' in version `normal'
(Font)                  OT1/cmss/m/it --> OT1/mathkerncmss/m/sl on input line 2
6.
LaTeX Font Info:    Overwriting symbol font `pureletters' in version `bold'
(Font)                  OT1/cmss/b/it --> OT1/mathkerncmss/m/sl on input line 2
6.
LaTeX Font Info:    Overwriting symbol font `pureletters' in version `bold'
(Font)                  OT1/mathkerncmss/m/sl --> OT1/mathkerncmss/bx/sl on inp
ut line 26.

(C:\Users\Josh\AppData\Local\Programs\MiKTeX\tex/latex/translator\translator-ba
sic-dictionary-English.dict
Dictionary: translator-basic-dictionary, Language: English 
)
(C:\Users\Josh\AppData\Local\Programs\MiKTeX\tex/latex/translator\translator-bi
bliography-dictionary-English.dict
Dictionary: translator-bibliography-dictionary, Language: English 
)
(C:\Users\Josh\AppData\Local\Programs\MiKTeX\tex/latex/translator\translator-en
vironment-dictionary-English.dict
Dictionary: translator-environment-dictionary, Language: English 
)
(C:\Users\Josh\AppData\Local\Programs\MiKTeX\tex/latex/translator\translator-mo
nths-dictionary-English.dict
Dictionary: translator-months-dictionary, Language: English 
)
(C:\Users\Josh\AppData\Local\Programs\MiKTeX\tex/latex/translator\translator-nu
mbers-dictionary-English.dict
Dictionary: translator-numbers-dictionary, Language: English 
)
(C:\Users\Josh\AppData\Local\Programs\MiKTeX\tex/latex/translator\translator-th
eorem-dictionary-English.dict
Dictionary: translator-theorem-dictionary, Language: English 
)
(DAM 110 - Layers, Zoom, Transform, Formats, Export.nav)
<images/photoshop.png, id=160, 475.7775pt x 204.765pt>
File: images/photoshop.png Graphic file (type png)
<use images/photoshop.png>
Package pdftex.def Info: images/photoshop.png  used on input line 33.
(pdftex.def)             Requested size: 245.83282pt x 105.80351pt.
 [1

{C:/Users/Josh/AppData/Local/MiKTeX/fonts/map/pdftex/pdftex.map} <./images/phot
oshop.png>]
LaTeX Font Info:    Trying to load font information for U+msa on input line 53.


(C:\Users\Josh\AppData\Local\Programs\MiKTeX\tex/latex/amsfonts\umsa.fd
File: umsa.fd 2013/01/14 v3.01 AMS symbols A
)
LaTeX Font Info:    Trying to load font information for U+msb on input line 53.


(C:\Users\Josh\AppData\Local\Programs\MiKTeX\tex/latex/amsfonts\umsb.fd
File: umsb.fd 2013/01/14 v3.01 AMS symbols B
)
LaTeX Font Info:    Trying to load font information for OT1+mathkerncmss on inp
ut line 53.

(C:\Users\Josh\AppData\Local\Programs\MiKTeX\tex/latex/sansmathaccent\ot1mathke
rncmss.fd
File: ot1mathkerncmss.fd 2020/01/31 Fontinst v1.933 font definitions for OT1/ma
thkerncmss.
)
<images/th.jpg, id=195, 475.7775pt x 463.7325pt>
File: images/th.jpg Graphic file (type jpg)
<use images/th.jpg>
Package pdftex.def Info: images/th.jpg  used on input line 53.
(pdftex.def)             Requested size: 117.5384pt x 114.56009pt.
 [2

 <./images/th.jpg>]
<images/layers.jpg, id=235, 782.925pt x 668.4975pt>
File: images/layers.jpg Graphic file (type jpg)
<use images/layers.jpg>
Package pdftex.def Info: images/layers.jpg  used on input line 63.
(pdftex.def)             Requested size: 215.10196pt x 183.65887pt.
 [3

 <./images/layers.jpg>]
<images/layers tab.png, id=279, 180.675pt x 383.93437pt>
File: images/layers tab.png Graphic file (type png)
<use images/layers tab.png>
Package pdftex.def Info: images/layers tab.png  used on input line 81.
(pdftex.def)             Requested size: 96.79521pt x 205.69284pt.

Overfull \vbox (4.3058pt too high) detected at line 81
 []

[4

 <./images/layers tab.png>]
<images/new layer.png, id=316, 179.92218pt x 88.83188pt>
File: images/new layer.png Graphic file (type png)
<use images/new layer.png>
Package pdftex.def Info: images/new layer.png  used on input line 95.
(pdftex.def)             Requested size: 184.3758pt x 91.03833pt.
 [5

 <./images/new layer.png>]
<images/renaming a layer.png, id=354, 185.19188pt x 86.57344pt>
File: images/renaming a layer.png Graphic file (type png)
<use images/renaming a layer.png>
Package pdftex.def Info: images/renaming a layer.png  used on input line 107.
(pdftex.def)             Requested size: 184.3758pt x 86.19275pt.
 [6

 <./images/renaming a layer.png>]
<images/stack order.png, id=391, 326.72063pt x 457.71pt>
File: images/stack order.png Graphic file (type png)
<use images/stack order.png>
Package pdftex.def Info: images/stack order.png  used on input line 122.
(pdftex.def)             Requested size: 138.2795pt x 193.71751pt.
 [7

 <./images/stack order.png>]
<images/groups.png, id=430, 179.92218pt x 313.9228pt>
File: images/groups.png Graphic file (type png)
<use images/groups.png>
Package pdftex.def Info: images/groups.png  used on input line 137.
(pdftex.def)             Requested size: 117.5384pt x 205.08205pt.

Overfull \vbox (3.695pt too high) detected at line 137
 []

[8

 <./images/groups.png>]
<images/opacity.png, id=467, 692.5875pt x 367.3725pt>
File: images/opacity.png Graphic file (type png)
<use images/opacity.png>
Package pdftex.def Info: images/opacity.png  used on input line 149.
(pdftex.def)             Requested size: 276.559pt x 146.69974pt.

Overfull \vbox (10.34189pt too high) detected at line 149
 []

[9

 <./images/opacity.png>]
<images/fill.png, id=505, 549.05125pt x 451.6875pt>
File: images/fill.png Graphic file (type png)
<use images/fill.png>
Package pdftex.def Info: images/fill.png  used on input line 160.
(pdftex.def)             Requested size: 307.28987pt x 252.80542pt.

Overfull \vbox (130.04758pt too high) detected at line 160
 []

[10

 <./images/fill.png>]
<images/visibility.png, id=541, 682.80093pt x 321.45094pt>
File: images/visibility.png Graphic file (type png)
<use images/visibility.png>
Package pdftex.def Info: images/visibility.png  used on input line 172.
(pdftex.def)             Requested size: 307.28987pt x 144.66629pt.
 [11

 <./images/visibility.png>]
<images/lock.png, id=578, 180.675pt x 105.39375pt>
File: images/lock.png Graphic file (type png)
<use images/lock.png>
Package pdftex.def Info: images/lock.png  used on input line 184.
(pdftex.def)             Requested size: 199.73653pt x 116.514pt.
 [12

 <./images/lock.png>]
<images/zoom intro.png, id=615, 1140.26pt x 855.195pt>
File: images/zoom intro.png Graphic file (type png)
<use images/zoom intro.png>
Package pdftex.def Info: images/zoom intro.png  used on input line 194.
(pdftex.def)             Requested size: 215.10196pt x 161.32736pt.
 [13

 <./images/zoom intro.png>]
<images/move tool2.png, id=653, 700.86844pt x 350.81062pt>
File: images/move tool2.png Graphic file (type png)
<use images/move tool2.png>
Package pdftex.def Info: images/move tool2.png  used on input line 205.
(pdftex.def)             Requested size: 307.28987pt x 153.81114pt.
 [14

 <./images/move tool2.png>]
<images/move tool - auto select.png, id=690, 714.41907pt x 164.86594pt>
File: images/move tool - auto select.png Graphic file (type png)
<use images/move tool - auto select.png>
Package pdftex.def Info: images/move tool - auto select.png  used on input line
 216.
(pdftex.def)             Requested size: 307.28987pt x 70.91359pt.
 [15

 <./images/move tool - auto select.png>]
<images/move tool - transform controls.png, id=725, 744.53156pt x 134.00063pt>
File: images/move tool - transform controls.png Graphic file (type png)
<use images/move tool - transform controls.png>
Package pdftex.def Info: images/move tool - transform controls.png  used on inp
ut line 227.
(pdftex.def)             Requested size: 307.28987pt x 55.3066pt.
 [16

 <./images/move tool - transform controls.png>]
<images/zoom.png, id=760, 704.6325pt x 352.31625pt>
File: images/zoom.png Graphic file (type png)
<use images/zoom.png>
Package pdftex.def Info: images/zoom.png  used on input line 238.
(pdftex.def)             Requested size: 307.28987pt x 153.64339pt.
[17

 <./images/zoom.png>]
<images/zoom menu.png, id=796, 540.51938pt x 47.42719pt>
File: images/zoom menu.png Graphic file (type png)
<use images/zoom menu.png>
Package pdftex.def Info: images/zoom menu.png  used on input line 252.
(pdftex.def)             Requested size: 307.28987pt x 26.96356pt.
 [18

 <./images/zoom menu.png>]
<images/hand tool.png, id=831, 703.87968pt x 352.31625pt>
File: images/hand tool.png Graphic file (type png)
<use images/hand tool.png>
Package pdftex.def Info: images/hand tool.png  used on input line 264.
(pdftex.def)             Requested size: 261.19826pt x 130.73665pt.

Overfull \vbox (5.84964pt too high) detected at line 264
 []

[19

 <./images/hand tool.png>]
<images/transform.jpg, id=867, 1284.8pt x 722.7pt>
File: images/transform.jpg Graphic file (type jpg)
<use images/transform.jpg>
Package pdftex.def Info: images/transform.jpg  used on input line 273.
(pdftex.def)             Requested size: 307.28987pt x 172.84503pt.
 [20

 <./images/transform.jpg>]
<images/scale_PS.jpg, id=908, 692.5875pt x 279.0425pt>
File: images/scale_PS.jpg Graphic file (type jpg)
<use images/scale_PS.jpg>
Package pdftex.def Info: images/scale_PS.jpg  used on input line 284.
(pdftex.def)             Requested size: 307.28987pt x 123.80946pt.
 [21

 <./images/scale_PS.jpg>]
<images/content aware scale.png, id=946, 720.44156pt x 260.47313pt>
File: images/content aware scale.png Graphic file (type png)
<use images/content aware scale.png>
Package pdftex.def Info: images/content aware scale.png  used on input line 295
.
(pdftex.def)             Requested size: 307.28987pt x 111.09904pt.

Overfull \vbox (1.94121pt too high) detected at line 295
 []

[22

 <./images/content aware scale.png>]
<images/rotate.png, id=984, 748.29562pt x 419.31656pt>
File: images/rotate.png Graphic file (type png)
<use images/rotate.png>
Package pdftex.def Info: images/rotate.png  used on input line 305.
(pdftex.def)             Requested size: 276.559pt x 154.97194pt.

Overfull \vbox (5.01408pt too high) detected at line 305
 []

[23

 <./images/rotate.png>]
<images/rotate by degrees.png, id=1021, 386.94562pt x 636.12656pt>
File: images/rotate by degrees.png Graphic file (type png)
<use images/rotate by degrees.png>
Package pdftex.def Info: images/rotate by degrees.png  used on input line 323.
(pdftex.def)             Requested size: 124.4507pt x 204.59354pt.

Overfull \vbox (3.2065pt too high) detected at line 323
 []

[24

 <./images/rotate by degrees.png>]
<images/skew.jpg, id=1058, 692.5875pt x 349.305pt>
File: images/skew.jpg Graphic file (type jpg)
<use images/skew.jpg>
Package pdftex.def Info: images/skew.jpg  used on input line 334.
(pdftex.def)             Requested size: 307.28987pt x 154.98451pt.
 [25

 <./images/skew.jpg>]
<images/warp.png, id=1096, 692.5875pt x 455.7025pt>
File: images/warp.png Graphic file (type png)
<use images/warp.png>
Package pdftex.def Info: images/warp.png  used on input line 348.
(pdftex.def)             Requested size: 169.01036pt x 111.19958pt.

Overfull \vbox (9.057pt too high) detected at line 348
 []

[26

 <./images/warp.png (PNG copy)>]
<images/distort.png, id=1132, 542.025pt x 307.1475pt>
File: images/distort.png Graphic file (type png)
<use images/distort.png>
Package pdftex.def Info: images/distort.png  used on input line 360.
(pdftex.def)             Requested size: 276.559pt x 156.72282pt.
 [27

 <./images/distort.png>]
<images/perspective.jpg, id=1169, 702.625pt x 444.66125pt>
File: images/perspective.jpg Graphic file (type jpg)
<use images/perspective.jpg>
Package pdftex.def Info: images/perspective.jpg  used on input line 372.
(pdftex.def)             Requested size: 230.46739pt x 145.84982pt.

Overfull \vbox (36.69199pt too high) detected at line 372
 []

[28

 <./images/perspective.jpg>]
<images/flip horizontal.png, id=1205, 1081.03876pt x 812.28468pt>
File: images/flip horizontal.png Graphic file (type png)
<use images/flip horizontal.png>
Package pdftex.def Info: images/flip horizontal.png  used on input line 385.
(pdftex.def)             Requested size: 307.28987pt x 230.89621pt.

Overfull \vbox (53.73834pt too high) detected at line 385
 []

[29

 <./images/flip horizontal.png>]
<images/Flip Vertical.png, id=1243, 1078.0275pt x 812.28468pt>
File: images/Flip Vertical.png Graphic file (type png)
<use images/Flip Vertical.png>
Package pdftex.def Info: images/Flip Vertical.png  used on input line 395.
(pdftex.def)             Requested size: 307.28987pt x 231.54073pt.

Overfull \vbox (54.38286pt too high) detected at line 395
 []

[30

 <./images/Flip Vertical.png>]
<images/free transform.jpg, id=1280, 807.015pt x 450.68375pt>
File: images/free transform.jpg Graphic file (type jpg)
<use images/free transform.jpg>
Package pdftex.def Info: images/free transform.jpg  used on input line 407.
(pdftex.def)             Requested size: 276.559pt x 154.44765pt.

Overfull \vbox (15.96063pt too high) detected at line 407
 []

[31

 <./images/free transform.jpg>]
<images/Graphic-File-Formats.png, id=1317, 1523.6925pt x 786.94pt>
File: images/Graphic-File-Formats.png Graphic file (type png)
<use images/Graphic-File-Formats.png>
Package pdftex.def Info: images/Graphic-File-Formats.png  used on input line 41
8.
(pdftex.def)             Requested size: 307.28987pt x 158.69405pt.
 [32

 <./images/Graphic-File-Formats.png>]
<images/lossy vs lossless1.png, id=1359, 617.30624pt x 361.35pt>
File: images/lossy vs lossless1.png Graphic file (type png)
<use images/lossy vs lossless1.png>
Package pdftex.def Info: images/lossy vs lossless1.png  used on input line 426.

(pdftex.def)             Requested size: 307.28987pt x 179.88057pt.

[33

 <./images/lossy vs lossless1.png>]
<images/lossy compression.png, id=1397, 843.15pt x 301.125pt>
File: images/lossy compression.png Graphic file (type png)
<use images/lossy compression.png>
Package pdftex.def Info: images/lossy compression.png  used on input line 441.
(pdftex.def)             Requested size: 245.83282pt x 87.79727pt.

Overfull \vbox (4.85468pt too high) detected at line 441
 []

[34

 <./images/lossy compression.png>]
<images/lossless compression.png, id=1434, 602.25pt x 150.5625pt>
File: images/lossless compression.png Graphic file (type png)
<use images/lossless compression.png>
Package pdftex.def Info: images/lossless compression.png  used on input line 45
6.
(pdftex.def)             Requested size: 307.28987pt x 76.8249pt.
 [35

 <./images/lossless compression.png>]
<images/raw.jpg, id=1472, 475.7775pt x 247.92625pt>
File: images/raw.jpg Graphic file (type jpg)
<use images/raw.jpg>
Package pdftex.def Info: images/raw.jpg  used on input line 472.
(pdftex.def)             Requested size: 184.3758pt x 96.07799pt.

Overfull \vbox (2.7354pt too high) detected at line 472
 []

[36

 <./images/raw.jpg>]
<images/maxresdefault.jpg, id=1508, 1284.8pt x 722.7pt>
File: images/maxresdefault.jpg Graphic file (type jpg)
<use images/maxresdefault.jpg>
Package pdftex.def Info: images/maxresdefault.jpg  used on input line 480.
(pdftex.def)             Requested size: 307.28987pt x 172.84503pt.
 [37

 <./images/maxresdefault.jpg>]
<images/Pixel-example.png, id=1545, 134.4222pt x 63.23625pt>
File: images/Pixel-example.png Graphic file (type png)
<use images/Pixel-example.png>
Package pdftex.def Info: images/Pixel-example.png  used on input line 493.
(pdftex.def)             Requested size: 276.559pt x 130.11661pt.

Overfull \vbox (7.96709pt too high) detected at line 493
 []

[38

 <./images/Pixel-example.png>]
<images/800px-Rgb-raster-image.svg.png, id=1582, 803.0pt x 873.2625pt>
File: images/800px-Rgb-raster-image.svg.png Graphic file (type png)
<use images/800px-Rgb-raster-image.svg.png>
Package pdftex.def Info: images/800px-Rgb-raster-image.svg.png  used on input l
ine 512.
(pdftex.def)             Requested size: 138.2795pt x 150.37144pt.
 [39

 <./images/800px-Rgb-raster-image.svg.png>]
<images/Bitmap_VS_SVG.svg.png, id=1619, 1927.2pt x 1232.605pt>
File: images/Bitmap_VS_SVG.svg.png Graphic file (type png)
<use images/Bitmap_VS_SVG.svg.png>
Package pdftex.def Info: images/Bitmap_VS_SVG.svg.png  used on input line 527.
(pdftex.def)             Requested size: 184.3758pt x 117.90742pt.

Overfull \vbox (18.96486pt too high) detected at line 527
 []

[40

 <./images/Bitmap_VS_SVG.svg.png>]
<images/pdf.png, id=1656, 769.87625pt x 390.45876pt>
File: images/pdf.png Graphic file (type png)
<use images/pdf.png>
Package pdftex.def Info: images/pdf.png  used on input line 541.
(pdftex.def)             Requested size: 215.10196pt x 109.09534pt.
 [41

 <./images/pdf.png>]
<images/jpg-vs-png-comparison-chart-resized-1.png, id=1692, 451.6875pt x 338.76
563pt>
File: images/jpg-vs-png-comparison-chart-resized-1.png Graphic file (type png)
<use images/jpg-vs-png-comparison-chart-resized-1.png>
Package pdftex.def Info: images/jpg-vs-png-comparison-chart-resized-1.png  used
 on input line 550.
(pdftex.def)             Requested size: 307.28987pt x 230.48163pt.

Overfull \vbox (37.09459pt too high) detected at line 550
 []

[42

 <./images/jpg-vs-png-comparison-chart-resized-1.png (PNG copy)>]
<images/exporting.png, id=1731, 1201.48875pt x 340.27126pt>
File: images/exporting.png Graphic file (type png)
<use images/exporting.png>
Package pdftex.def Info: images/exporting.png  used on input line 566.
(pdftex.def)             Requested size: 307.28987pt x 87.02502pt.

Overfull \vbox (4.46716pt too high) detected at line 566
 []

[43

 <./images/exporting.png>]
<images/Screenshot_5.png, id=1769, 426.84468pt x 812.28468pt>
File: images/Screenshot_5.png Graphic file (type png)
<use images/Screenshot_5.png>
Package pdftex.def Info: images/Screenshot_5.png  used on input line 582.
(pdftex.def)             Requested size: 138.2795pt x 263.14656pt.

Overfull \vbox (61.75952pt too high) detected at line 582
 []

[44

 <./images/Screenshot_5.png>]
<images/export as.png, id=1805, 830.35219pt x 401.24907pt>
File: images/export as.png Graphic file (type png)
<use images/export as.png>
Package pdftex.def Info: images/export as.png  used on input line 600.
(pdftex.def)             Requested size: 184.3758pt x 89.09549pt.

Overfull \vbox (9.3529pt too high) detected at line 600
 []

[45

 <./images/export as.png>]
<images/save for web.png, id=1841, 784.43062pt x 576.65437pt>
File: images/save for web.png Graphic file (type png)
<use images/save for web.png>
Package pdftex.def Info: images/save for web.png  used on input line 613.
(pdftex.def)             Requested size: 215.10196pt x 158.12729pt.

Overfull \vbox (6.04027pt too high) detected at line 613
 []

[46

 <./images/save for web.png>]
<images/shone farm wine pouring - vert.png, id=1877, 261.22594pt x 400.49625pt>

File: images/shone farm wine pouring - vert.png Graphic file (type png)
<use images/shone farm wine pouring - vert.png>
Package pdftex.def Info: images/shone farm wine pouring - vert.png  used on inp
ut line 639.
(pdftex.def)             Requested size: 117.5384pt x 180.20331pt.
 [47

 <./images/shone farm wine pouring - vert.png>]
\tf@nav=\write6
\openout6 = `"DAM 110 - Layers, Zoom, Transform, Formats, Export.nav"'.

\tf@toc=\write7
\openout7 = `"DAM 110 - Layers, Zoom, Transform, Formats, Export.toc"'.

\tf@snm=\write8
\openout8 = `"DAM 110 - Layers, Zoom, Transform, Formats, Export.snm"'.

 (DAM 110 - Layers, Zoom, Transform, Formats, Export.aux)
Package rerunfilecheck Info: File `"DAM 110 - Layers, Zoom, Transform, Formats,
 Export".out' has not changed.
(rerunfilecheck)             Checksum: FCFD86C8038B73F1EACCC7E5F2C5DEAB;3740.
 ) 
Here is how much of TeX's memory you used:
 22788 strings out of 478582
 455170 string characters out of 2844817
 686202 words of memory out of 3000000
 40328 multiletter control sequences out of 15000+600000
 476920 words of font info for 55 fonts, out of 8000000 for 9000
 1141 hyphenation exceptions out of 8191
 128i,19n,122p,479b,924s stack positions out of 10000i,1000n,20000p,200000b,80000s
<C:/Users/Josh/AppData/Local/Programs/MiKTeX/fonts/type1/public/amsfonts/cm/c
mss10.pfb><C:/Users/Josh/AppData/Local/Programs/MiKTeX/fonts/type1/public/amsfo
nts/cm/cmss12.pfb><C:/Users/Josh/AppData/Local/Programs/MiKTeX/fonts/type1/publ
ic/amsfonts/cm/cmss8.pfb><C:/Users/Josh/AppData/Local/Programs/MiKTeX/fonts/typ
e1/public/amsfonts/cm/cmss9.pfb>
Output written on "DAM 110 - Layers, Zoom, Transform, Formats, Export.pdf" (47 
pages, 9133765 bytes).
PDF statistics:
 1958 PDF objects out of 2073 (max. 8388607)
 126 named destinations out of 1000 (max. 500000)
 598 words of extra memory for PDF output out of 10000 (max. 10000000)

